{"/media/adesuwa/Files/WebDev_Projects/APIs/ecommerce-api/app.js": {"path":"/media/adesuwa/Files/WebDev_Projects/APIs/ecommerce-api/app.js","statementMap":{"0":{"start":{"line":1,"column":16},"end":{"line":1,"column":34}},"1":{"start":{"line":3,"column":11},"end":{"line":3,"column":20}},"2":{"start":{"line":4,"column":16},"end":{"line":4,"column":42}},"3":{"start":{"line":5,"column":23},"end":{"line":5,"column":60}},"4":{"start":{"line":6,"column":19},"end":{"line":6,"column":41}},"5":{"start":{"line":7,"column":17},"end":{"line":7,"column":36}},"6":{"start":{"line":8,"column":13},"end":{"line":8,"column":28}},"7":{"start":{"line":9,"column":15},"end":{"line":9,"column":32}},"8":{"start":{"line":10,"column":11},"end":{"line":10,"column":36}},"9":{"start":{"line":11,"column":15},"end":{"line":11,"column":41}},"10":{"start":{"line":12,"column":0},"end":{"line":12,"column":39}},"11":{"start":{"line":13,"column":18},"end":{"line":13,"column":37}},"12":{"start":{"line":14,"column":15},"end":{"line":14,"column":33}},"13":{"start":{"line":16,"column":20},"end":{"line":16,"column":56}},"14":{"start":{"line":19,"column":22},"end":{"line":32,"column":1}},"15":{"start":{"line":34,"column":0},"end":{"line":34,"column":26}},"16":{"start":{"line":35,"column":0},"end":{"line":35,"column":32}},"17":{"start":{"line":36,"column":0},"end":{"line":36,"column":18}},"18":{"start":{"line":37,"column":0},"end":{"line":37,"column":16}},"19":{"start":{"line":38,"column":0},"end":{"line":38,"column":24}},"20":{"start":{"line":39,"column":0},"end":{"line":39,"column":27}},"21":{"start":{"line":40,"column":0},"end":{"line":40,"column":21}},"22":{"start":{"line":41,"column":0},"end":{"line":41,"column":31}},"23":{"start":{"line":42,"column":0},"end":{"line":42,"column":28}},"24":{"start":{"line":44,"column":0},"end":{"line":44,"column":28}},"25":{"start":{"line":45,"column":0},"end":{"line":45,"column":24}},"26":{"start":{"line":47,"column":0},"end":{"line":47,"column":27}},"27":{"start":{"line":49,"column":0},"end":{"line":49,"column":21}}},"fnMap":{},"branchMap":{},"s":{"0":3,"1":3,"2":3,"3":3,"4":3,"5":3,"6":3,"7":3,"8":3,"9":3,"10":3,"11":3,"12":3,"13":3,"14":3,"15":3,"16":3,"17":3,"18":3,"19":3,"20":3,"21":3,"22":3,"23":3,"24":3,"25":3,"26":3,"27":3},"f":{},"b":{},"_coverageSchema":"43e27e138ebf9cfc5966b082cf9a028302ed4184","hash":"1ee26f04e513816d5ca94b4996c3f3f043a82165"}
,"/media/adesuwa/Files/WebDev_Projects/APIs/ecommerce-api/bin/database.js": {"path":"/media/adesuwa/Files/WebDev_Projects/APIs/ecommerce-api/bin/database.js","statementMap":{"0":{"start":{"line":1,"column":15},"end":{"line":1,"column":28}},"1":{"start":{"line":2,"column":15},"end":{"line":2,"column":44}},"2":{"start":{"line":4,"column":11},"end":{"line":9,"column":1}},"3":{"start":{"line":12,"column":0},"end":{"line":184,"column":1}},"4":{"start":{"line":14,"column":8},"end":{"line":14,"column":28}},"5":{"start":{"line":21,"column":21},"end":{"line":21,"column":25}},"6":{"start":{"line":22,"column":24},"end":{"line":22,"column":48}},"7":{"start":{"line":23,"column":8},"end":{"line":34,"column":9}},"8":{"start":{"line":24,"column":12},"end":{"line":24,"column":24}},"9":{"start":{"line":25,"column":12},"end":{"line":25,"column":35}},"10":{"start":{"line":26,"column":20},"end":{"line":26,"column":21}},"11":{"start":{"line":27,"column":12},"end":{"line":33,"column":13}},"12":{"start":{"line":28,"column":16},"end":{"line":28,"column":44}},"13":{"start":{"line":29,"column":16},"end":{"line":29,"column":45}},"14":{"start":{"line":29,"column":24},"end":{"line":29,"column":45}},"15":{"start":{"line":30,"column":16},"end":{"line":30,"column":20}},"16":{"start":{"line":32,"column":16},"end":{"line":32,"column":44}},"17":{"start":{"line":35,"column":8},"end":{"line":35,"column":57}},"18":{"start":{"line":42,"column":21},"end":{"line":42,"column":25}},"19":{"start":{"line":43,"column":24},"end":{"line":43,"column":48}},"20":{"start":{"line":44,"column":8},"end":{"line":55,"column":9}},"21":{"start":{"line":45,"column":12},"end":{"line":45,"column":24}},"22":{"start":{"line":46,"column":12},"end":{"line":46,"column":35}},"23":{"start":{"line":47,"column":20},"end":{"line":47,"column":21}},"24":{"start":{"line":48,"column":12},"end":{"line":54,"column":13}},"25":{"start":{"line":49,"column":16},"end":{"line":49,"column":44}},"26":{"start":{"line":50,"column":16},"end":{"line":50,"column":45}},"27":{"start":{"line":50,"column":24},"end":{"line":50,"column":45}},"28":{"start":{"line":51,"column":16},"end":{"line":51,"column":20}},"29":{"start":{"line":53,"column":16},"end":{"line":53,"column":44}},"30":{"start":{"line":56,"column":8},"end":{"line":56,"column":84}},"31":{"start":{"line":56,"column":34},"end":{"line":56,"column":84}},"32":{"start":{"line":57,"column":8},"end":{"line":57,"column":79}},"33":{"start":{"line":57,"column":36},"end":{"line":57,"column":79}},"34":{"start":{"line":58,"column":8},"end":{"line":58,"column":79}},"35":{"start":{"line":58,"column":33},"end":{"line":58,"column":79}},"36":{"start":{"line":59,"column":8},"end":{"line":59,"column":105}},"37":{"start":{"line":59,"column":32},"end":{"line":59,"column":105}},"38":{"start":{"line":61,"column":8},"end":{"line":61,"column":49}},"39":{"start":{"line":62,"column":8},"end":{"line":62,"column":57}},"40":{"start":{"line":66,"column":21},"end":{"line":66,"column":25}},"41":{"start":{"line":67,"column":24},"end":{"line":67,"column":48}},"42":{"start":{"line":68,"column":8},"end":{"line":79,"column":9}},"43":{"start":{"line":69,"column":12},"end":{"line":69,"column":24}},"44":{"start":{"line":70,"column":12},"end":{"line":70,"column":35}},"45":{"start":{"line":71,"column":20},"end":{"line":71,"column":21}},"46":{"start":{"line":72,"column":12},"end":{"line":78,"column":13}},"47":{"start":{"line":73,"column":16},"end":{"line":73,"column":44}},"48":{"start":{"line":74,"column":16},"end":{"line":74,"column":45}},"49":{"start":{"line":74,"column":24},"end":{"line":74,"column":45}},"50":{"start":{"line":75,"column":16},"end":{"line":75,"column":20}},"51":{"start":{"line":77,"column":16},"end":{"line":77,"column":44}},"52":{"start":{"line":80,"column":8},"end":{"line":80,"column":65}},"53":{"start":{"line":84,"column":8},"end":{"line":84,"column":38}},"54":{"start":{"line":85,"column":8},"end":{"line":103,"column":9}},"55":{"start":{"line":86,"column":21},"end":{"line":86,"column":39}},"56":{"start":{"line":88,"column":27},"end":{"line":88,"column":29}},"57":{"start":{"line":89,"column":10},"end":{"line":92,"column":11}},"58":{"start":{"line":90,"column":12},"end":{"line":91,"column":41}},"59":{"start":{"line":90,"column":35},"end":{"line":90,"column":56}},"60":{"start":{"line":91,"column":17},"end":{"line":91,"column":41}},"61":{"start":{"line":93,"column":10},"end":{"line":93,"column":54}},"62":{"start":{"line":95,"column":26},"end":{"line":95,"column":93}},"63":{"start":{"line":96,"column":10},"end":{"line":96,"column":33}},"64":{"start":{"line":97,"column":20},"end":{"line":97,"column":55}},"65":{"start":{"line":98,"column":10},"end":{"line":98,"column":34}},"66":{"start":{"line":99,"column":10},"end":{"line":99,"column":21}},"67":{"start":{"line":101,"column":10},"end":{"line":101,"column":36}},"68":{"start":{"line":102,"column":10},"end":{"line":102,"column":22}},"69":{"start":{"line":107,"column":8},"end":{"line":116,"column":9}},"70":{"start":{"line":108,"column":28},"end":{"line":110,"column":48}},"71":{"start":{"line":111,"column":22},"end":{"line":111,"column":57}},"72":{"start":{"line":112,"column":12},"end":{"line":112,"column":23}},"73":{"start":{"line":114,"column":12},"end":{"line":114,"column":36}},"74":{"start":{"line":115,"column":12},"end":{"line":115,"column":32}},"75":{"start":{"line":120,"column":8},"end":{"line":120,"column":38}},"76":{"start":{"line":121,"column":8},"end":{"line":150,"column":9}},"77":{"start":{"line":122,"column":28},"end":{"line":122,"column":49}},"78":{"start":{"line":124,"column":12},"end":{"line":128,"column":13}},"79":{"start":{"line":126,"column":16},"end":{"line":126,"column":42}},"80":{"start":{"line":126,"column":24},"end":{"line":126,"column":42}},"81":{"start":{"line":127,"column":16},"end":{"line":127,"column":53}},"82":{"start":{"line":130,"column":12},"end":{"line":141,"column":67}},"83":{"start":{"line":131,"column":16},"end":{"line":131,"column":28}},"84":{"start":{"line":132,"column":16},"end":{"line":132,"column":39}},"85":{"start":{"line":133,"column":24},"end":{"line":133,"column":25}},"86":{"start":{"line":134,"column":16},"end":{"line":140,"column":17}},"87":{"start":{"line":135,"column":20},"end":{"line":135,"column":48}},"88":{"start":{"line":136,"column":20},"end":{"line":136,"column":49}},"89":{"start":{"line":136,"column":28},"end":{"line":136,"column":49}},"90":{"start":{"line":137,"column":20},"end":{"line":137,"column":24}},"91":{"start":{"line":139,"column":20},"end":{"line":139,"column":48}},"92":{"start":{"line":141,"column":19},"end":{"line":141,"column":67}},"93":{"start":{"line":143,"column":12},"end":{"line":143,"column":35}},"94":{"start":{"line":144,"column":22},"end":{"line":144,"column":63}},"95":{"start":{"line":145,"column":12},"end":{"line":145,"column":36}},"96":{"start":{"line":146,"column":12},"end":{"line":146,"column":23}},"97":{"start":{"line":148,"column":12},"end":{"line":148,"column":38}},"98":{"start":{"line":149,"column":12},"end":{"line":149,"column":27}},"99":{"start":{"line":154,"column":8},"end":{"line":160,"column":9}},"100":{"start":{"line":155,"column":22},"end":{"line":155,"column":52}},"101":{"start":{"line":156,"column":12},"end":{"line":156,"column":23}},"102":{"start":{"line":158,"column":12},"end":{"line":158,"column":39}},"103":{"start":{"line":159,"column":12},"end":{"line":159,"column":27}},"104":{"start":{"line":164,"column":23},"end":{"line":164,"column":43}},"105":{"start":{"line":165,"column":18},"end":{"line":165,"column":20}},"106":{"start":{"line":166,"column":8},"end":{"line":181,"column":9}},"107":{"start":{"line":167,"column":12},"end":{"line":167,"column":40}},"108":{"start":{"line":168,"column":12},"end":{"line":177,"column":13}},"109":{"start":{"line":169,"column":16},"end":{"line":169,"column":49}},"110":{"start":{"line":170,"column":16},"end":{"line":170,"column":39}},"111":{"start":{"line":171,"column":16},"end":{"line":171,"column":32}},"112":{"start":{"line":173,"column":16},"end":{"line":173,"column":31}},"113":{"start":{"line":174,"column":16},"end":{"line":174,"column":83}},"114":{"start":{"line":175,"column":16},"end":{"line":175,"column":41}},"115":{"start":{"line":176,"column":16},"end":{"line":176,"column":24}},"116":{"start":{"line":179,"column":12},"end":{"line":179,"column":45}},"117":{"start":{"line":180,"column":12},"end":{"line":180,"column":29}},"118":{"start":{"line":182,"column":8},"end":{"line":182,"column":19}}},"fnMap":{"0":{"name":"(anonymous_0)","decl":{"start":{"line":13,"column":24},"end":{"line":13,"column":25}},"loc":{"start":{"line":13,"column":30},"end":{"line":15,"column":5}},"line":13},"1":{"name":"(anonymous_1)","decl":{"start":{"line":20,"column":10},"end":{"line":20,"column":11}},"loc":{"start":{"line":20,"column":45},"end":{"line":36,"column":5}},"line":20},"2":{"name":"(anonymous_2)","decl":{"start":{"line":41,"column":14},"end":{"line":41,"column":15}},"loc":{"start":{"line":41,"column":65},"end":{"line":63,"column":5}},"line":41},"3":{"name":"(anonymous_3)","decl":{"start":{"line":65,"column":13},"end":{"line":65,"column":14}},"loc":{"start":{"line":65,"column":48},"end":{"line":81,"column":5}},"line":65},"4":{"name":"(anonymous_4)","decl":{"start":{"line":83,"column":12},"end":{"line":83,"column":13}},"loc":{"start":{"line":83,"column":45},"end":{"line":104,"column":5}},"line":83},"5":{"name":"(anonymous_5)","decl":{"start":{"line":106,"column":24},"end":{"line":106,"column":25}},"loc":{"start":{"line":106,"column":58},"end":{"line":117,"column":5}},"line":106},"6":{"name":"(anonymous_6)","decl":{"start":{"line":119,"column":12},"end":{"line":119,"column":13}},"loc":{"start":{"line":119,"column":57},"end":{"line":151,"column":5}},"line":119},"7":{"name":"(anonymous_7)","decl":{"start":{"line":153,"column":17},"end":{"line":153,"column":18}},"loc":{"start":{"line":153,"column":40},"end":{"line":161,"column":5}},"line":153},"8":{"name":"(anonymous_8)","decl":{"start":{"line":163,"column":17},"end":{"line":163,"column":18}},"loc":{"start":{"line":163,"column":36},"end":{"line":183,"column":5}},"line":163}},"branchMap":{"0":{"loc":{"start":{"line":20,"column":23},"end":{"line":20,"column":40}},"type":"default-arg","locations":[{"start":{"line":20,"column":36},"end":{"line":20,"column":40}}],"line":20},"1":{"loc":{"start":{"line":23,"column":8},"end":{"line":34,"column":9}},"type":"if","locations":[{"start":{"line":23,"column":8},"end":{"line":34,"column":9}},{"start":{"line":23,"column":8},"end":{"line":34,"column":9}}],"line":23},"2":{"loc":{"start":{"line":29,"column":16},"end":{"line":29,"column":45}},"type":"if","locations":[{"start":{"line":29,"column":16},"end":{"line":29,"column":45}},{"start":{"line":29,"column":16},"end":{"line":29,"column":45}}],"line":29},"3":{"loc":{"start":{"line":41,"column":43},"end":{"line":41,"column":60}},"type":"default-arg","locations":[{"start":{"line":41,"column":56},"end":{"line":41,"column":60}}],"line":41},"4":{"loc":{"start":{"line":44,"column":8},"end":{"line":55,"column":9}},"type":"if","locations":[{"start":{"line":44,"column":8},"end":{"line":55,"column":9}},{"start":{"line":44,"column":8},"end":{"line":55,"column":9}}],"line":44},"5":{"loc":{"start":{"line":50,"column":16},"end":{"line":50,"column":45}},"type":"if","locations":[{"start":{"line":50,"column":16},"end":{"line":50,"column":45}},{"start":{"line":50,"column":16},"end":{"line":50,"column":45}}],"line":50},"6":{"loc":{"start":{"line":56,"column":8},"end":{"line":56,"column":84}},"type":"if","locations":[{"start":{"line":56,"column":8},"end":{"line":56,"column":84}},{"start":{"line":56,"column":8},"end":{"line":56,"column":84}}],"line":56},"7":{"loc":{"start":{"line":57,"column":8},"end":{"line":57,"column":79}},"type":"if","locations":[{"start":{"line":57,"column":8},"end":{"line":57,"column":79}},{"start":{"line":57,"column":8},"end":{"line":57,"column":79}}],"line":57},"8":{"loc":{"start":{"line":58,"column":8},"end":{"line":58,"column":79}},"type":"if","locations":[{"start":{"line":58,"column":8},"end":{"line":58,"column":79}},{"start":{"line":58,"column":8},"end":{"line":58,"column":79}}],"line":58},"9":{"loc":{"start":{"line":59,"column":8},"end":{"line":59,"column":105}},"type":"if","locations":[{"start":{"line":59,"column":8},"end":{"line":59,"column":105}},{"start":{"line":59,"column":8},"end":{"line":59,"column":105}}],"line":59},"10":{"loc":{"start":{"line":65,"column":26},"end":{"line":65,"column":43}},"type":"default-arg","locations":[{"start":{"line":65,"column":39},"end":{"line":65,"column":43}}],"line":65},"11":{"loc":{"start":{"line":68,"column":8},"end":{"line":79,"column":9}},"type":"if","locations":[{"start":{"line":68,"column":8},"end":{"line":79,"column":9}},{"start":{"line":68,"column":8},"end":{"line":79,"column":9}}],"line":68},"12":{"loc":{"start":{"line":74,"column":16},"end":{"line":74,"column":45}},"type":"if","locations":[{"start":{"line":74,"column":16},"end":{"line":74,"column":45}},{"start":{"line":74,"column":16},"end":{"line":74,"column":45}}],"line":74},"13":{"loc":{"start":{"line":90,"column":12},"end":{"line":91,"column":41}},"type":"if","locations":[{"start":{"line":90,"column":12},"end":{"line":91,"column":41}},{"start":{"line":90,"column":12},"end":{"line":91,"column":41}}],"line":90},"14":{"loc":{"start":{"line":126,"column":16},"end":{"line":126,"column":42}},"type":"if","locations":[{"start":{"line":126,"column":16},"end":{"line":126,"column":42}},{"start":{"line":126,"column":16},"end":{"line":126,"column":42}}],"line":126},"15":{"loc":{"start":{"line":130,"column":12},"end":{"line":141,"column":67}},"type":"if","locations":[{"start":{"line":130,"column":12},"end":{"line":141,"column":67}},{"start":{"line":130,"column":12},"end":{"line":141,"column":67}}],"line":130},"16":{"loc":{"start":{"line":136,"column":20},"end":{"line":136,"column":49}},"type":"if","locations":[{"start":{"line":136,"column":20},"end":{"line":136,"column":49}},{"start":{"line":136,"column":20},"end":{"line":136,"column":49}}],"line":136}},"s":{"0":3,"1":3,"2":3,"3":3,"4":3,"5":0,"6":0,"7":0,"8":0,"9":0,"10":0,"11":0,"12":0,"13":0,"14":0,"15":0,"16":0,"17":0,"18":0,"19":0,"20":0,"21":0,"22":0,"23":0,"24":0,"25":0,"26":0,"27":0,"28":0,"29":0,"30":0,"31":0,"32":0,"33":0,"34":0,"35":0,"36":0,"37":0,"38":0,"39":0,"40":3,"41":3,"42":3,"43":3,"44":3,"45":3,"46":3,"47":3,"48":3,"49":0,"50":3,"51":3,"52":3,"53":1,"54":1,"55":1,"56":1,"57":1,"58":4,"59":1,"60":3,"61":1,"62":1,"63":1,"64":1,"65":1,"66":1,"67":0,"68":0,"69":0,"70":0,"71":0,"72":0,"73":0,"74":0,"75":0,"76":0,"77":0,"78":0,"79":0,"80":0,"81":0,"82":0,"83":0,"84":0,"85":0,"86":0,"87":0,"88":0,"89":0,"90":0,"91":0,"92":0,"93":0,"94":0,"95":0,"96":0,"97":0,"98":0,"99":0,"100":0,"101":0,"102":0,"103":0,"104":1,"105":1,"106":1,"107":1,"108":1,"109":1,"110":1,"111":1,"112":0,"113":0,"114":0,"115":0,"116":1,"117":1,"118":1},"f":{"0":3,"1":0,"2":0,"3":3,"4":1,"5":0,"6":0,"7":0,"8":1},"b":{"0":[0],"1":[0,0],"2":[0,0],"3":[0],"4":[0,0],"5":[0,0],"6":[0,0],"7":[0,0],"8":[0,0],"9":[0,0],"10":[0],"11":[3,0],"12":[0,3],"13":[1,3],"14":[0,0],"15":[0,0],"16":[0,0]},"_coverageSchema":"43e27e138ebf9cfc5966b082cf9a028302ed4184","hash":"2e9109ef387d9ff5d645a5bdfbb98bbe3cb7843a"}
,"/media/adesuwa/Files/WebDev_Projects/APIs/ecommerce-api/bin/www.js": {"path":"/media/adesuwa/Files/WebDev_Projects/APIs/ecommerce-api/bin/www.js","statementMap":{"0":{"start":{"line":1,"column":12},"end":{"line":1,"column":29}},"1":{"start":{"line":2,"column":13},"end":{"line":2,"column":28}},"2":{"start":{"line":4,"column":13},"end":{"line":4,"column":37}},"3":{"start":{"line":5,"column":0},"end":{"line":5,"column":22}},"4":{"start":{"line":7,"column":17},"end":{"line":7,"column":39}},"5":{"start":{"line":8,"column":0},"end":{"line":8,"column":24}},"6":{"start":{"line":9,"column":0},"end":{"line":9,"column":28}},"7":{"start":{"line":11,"column":0},"end":{"line":11,"column":28}}},"fnMap":{},"branchMap":{"0":{"loc":{"start":{"line":4,"column":13},"end":{"line":4,"column":37}},"type":"binary-expr","locations":[{"start":{"line":4,"column":13},"end":{"line":4,"column":29}},{"start":{"line":4,"column":33},"end":{"line":4,"column":37}}],"line":4}},"s":{"0":3,"1":3,"2":3,"3":3,"4":3,"5":3,"6":3,"7":3},"f":{},"b":{"0":[3,3]},"_coverageSchema":"43e27e138ebf9cfc5966b082cf9a028302ed4184","hash":"4142e0699f50584bb9ad0f083e31a84db0592ff2"}
,"/media/adesuwa/Files/WebDev_Projects/APIs/ecommerce-api/components/auth/ctrl.auth.js": {"path":"/media/adesuwa/Files/WebDev_Projects/APIs/ecommerce-api/components/auth/ctrl.auth.js","statementMap":{"0":{"start":{"line":1,"column":18},"end":{"line":1,"column":41}},"1":{"start":{"line":3,"column":0},"end":{"line":28,"column":1}},"2":{"start":{"line":5,"column":8},"end":{"line":5,"column":30}},"3":{"start":{"line":6,"column":8},"end":{"line":13,"column":9}},"4":{"start":{"line":7,"column":23},"end":{"line":7,"column":55}},"5":{"start":{"line":8,"column":12},"end":{"line":8,"column":66}},"6":{"start":{"line":11,"column":12},"end":{"line":11,"column":27}},"7":{"start":{"line":12,"column":12},"end":{"line":12,"column":40}},"8":{"start":{"line":16,"column":8},"end":{"line":16,"column":29}},"9":{"start":{"line":17,"column":8},"end":{"line":17,"column":115}},"10":{"start":{"line":20,"column":8},"end":{"line":20,"column":34}},"11":{"start":{"line":21,"column":8},"end":{"line":21,"column":35}},"12":{"start":{"line":25,"column":8},"end":{"line":25,"column":31}},"13":{"start":{"line":26,"column":8},"end":{"line":26,"column":28}}},"fnMap":{"0":{"name":"(anonymous_0)","decl":{"start":{"line":4,"column":12},"end":{"line":4,"column":13}},"loc":{"start":{"line":4,"column":31},"end":{"line":14,"column":5}},"line":4},"1":{"name":"(anonymous_1)","decl":{"start":{"line":15,"column":11},"end":{"line":15,"column":12}},"loc":{"start":{"line":15,"column":30},"end":{"line":18,"column":5}},"line":15},"2":{"name":"(anonymous_2)","decl":{"start":{"line":19,"column":12},"end":{"line":19,"column":13}},"loc":{"start":{"line":19,"column":31},"end":{"line":23,"column":5}},"line":19},"3":{"name":"(anonymous_3)","decl":{"start":{"line":24,"column":20},"end":{"line":24,"column":21}},"loc":{"start":{"line":24,"column":39},"end":{"line":27,"column":5}},"line":24}},"branchMap":{},"s":{"0":3,"1":3,"2":1,"3":1,"4":1,"5":1,"6":0,"7":0,"8":1,"9":1,"10":0,"11":0,"12":0,"13":0},"f":{"0":1,"1":1,"2":0,"3":0},"b":{},"_coverageSchema":"43e27e138ebf9cfc5966b082cf9a028302ed4184","hash":"b5ee97b3ff61f9092db62fc734e40eb4938ee570"}
,"/media/adesuwa/Files/WebDev_Projects/APIs/ecommerce-api/components/auth/ctrl.user.js": {"path":"/media/adesuwa/Files/WebDev_Projects/APIs/ecommerce-api/components/auth/ctrl.user.js","statementMap":{"0":{"start":{"line":1,"column":18},"end":{"line":1,"column":41}},"1":{"start":{"line":2,"column":20},"end":{"line":2,"column":56}},"2":{"start":{"line":4,"column":0},"end":{"line":15,"column":1}},"3":{"start":{"line":6,"column":8},"end":{"line":6,"column":55}},"4":{"start":{"line":10,"column":23},"end":{"line":10,"column":106}},"5":{"start":{"line":12,"column":12},"end":{"line":12,"column":56}},"6":{"start":{"line":13,"column":12},"end":{"line":13,"column":47}}},"fnMap":{"0":{"name":"(anonymous_0)","decl":{"start":{"line":5,"column":21},"end":{"line":5,"column":22}},"loc":{"start":{"line":5,"column":40},"end":{"line":14,"column":5}},"line":5}},"branchMap":{},"s":{"0":3,"1":3,"2":3,"3":1,"4":1,"5":1,"6":1},"f":{"0":1},"b":{},"_coverageSchema":"43e27e138ebf9cfc5966b082cf9a028302ed4184","hash":"0c01169d00b341007e585878aa9137ddb836f21d"}
,"/media/adesuwa/Files/WebDev_Projects/APIs/ecommerce-api/components/auth/model.user.js": {"path":"/media/adesuwa/Files/WebDev_Projects/APIs/ecommerce-api/components/auth/model.user.js","statementMap":{"0":{"start":{"line":1,"column":11},"end":{"line":1,"column":40}},"1":{"start":{"line":2,"column":15},"end":{"line":2,"column":37}},"2":{"start":{"line":3,"column":15},"end":{"line":3,"column":44}},"3":{"start":{"line":5,"column":0},"end":{"line":22,"column":1}},"4":{"start":{"line":7,"column":8},"end":{"line":7,"column":34}},"5":{"start":{"line":8,"column":23},"end":{"line":8,"column":53}},"6":{"start":{"line":9,"column":8},"end":{"line":9,"column":67}},"7":{"start":{"line":10,"column":8},"end":{"line":10,"column":150}},"8":{"start":{"line":13,"column":8},"end":{"line":20,"column":9}},"9":{"start":{"line":14,"column":23},"end":{"line":14,"column":136}},"10":{"start":{"line":15,"column":12},"end":{"line":15,"column":48}},"11":{"start":{"line":17,"column":12},"end":{"line":17,"column":32}},"12":{"start":{"line":19,"column":12},"end":{"line":19,"column":20}}},"fnMap":{"0":{"name":"(anonymous_0)","decl":{"start":{"line":6,"column":12},"end":{"line":6,"column":13}},"loc":{"start":{"line":6,"column":28},"end":{"line":11,"column":5}},"line":6},"1":{"name":"(anonymous_1)","decl":{"start":{"line":12,"column":14},"end":{"line":12,"column":15}},"loc":{"start":{"line":12,"column":29},"end":{"line":21,"column":5}},"line":12}},"branchMap":{"0":{"loc":{"start":{"line":14,"column":23},"end":{"line":14,"column":136}},"type":"cond-expr","locations":[{"start":{"line":14,"column":35},"end":{"line":14,"column":82}},{"start":{"line":14,"column":85},"end":{"line":14,"column":136}}],"line":14}},"s":{"0":3,"1":3,"2":3,"3":3,"4":1,"5":1,"6":1,"7":1,"8":3,"9":3,"10":3,"11":3,"12":0},"f":{"0":1,"1":3},"b":{"0":[0,3]},"_coverageSchema":"43e27e138ebf9cfc5966b082cf9a028302ed4184","hash":"08446a43a5b28506fbbe025c001f854bd82e9841"}
,"/media/adesuwa/Files/WebDev_Projects/APIs/ecommerce-api/components/products/ctrl.product.js": {"path":"/media/adesuwa/Files/WebDev_Projects/APIs/ecommerce-api/components/products/ctrl.product.js","statementMap":{"0":{"start":{"line":1,"column":14},"end":{"line":1,"column":40}},"1":{"start":{"line":3,"column":0},"end":{"line":29,"column":1}},"2":{"start":{"line":6,"column":8},"end":{"line":14,"column":45}},"3":{"start":{"line":8,"column":23},"end":{"line":8,"column":32}},"4":{"start":{"line":9,"column":12},"end":{"line":12,"column":13}},"5":{"start":{"line":10,"column":16},"end":{"line":10,"column":39}},"6":{"start":{"line":11,"column":16},"end":{"line":11,"column":39}},"7":{"start":{"line":13,"column":12},"end":{"line":13,"column":50}},"8":{"start":{"line":14,"column":15},"end":{"line":14,"column":45}},"9":{"start":{"line":16,"column":8},"end":{"line":16,"column":34}},"10":{"start":{"line":19,"column":19},"end":{"line":19,"column":35}},"11":{"start":{"line":20,"column":23},"end":{"line":20,"column":47}},"12":{"start":{"line":21,"column":8},"end":{"line":21,"column":39}},"13":{"start":{"line":24,"column":19},"end":{"line":24,"column":35}}},"fnMap":{"0":{"name":"(anonymous_0)","decl":{"start":{"line":4,"column":10},"end":{"line":4,"column":11}},"loc":{"start":{"line":4,"column":29},"end":{"line":17,"column":5}},"line":4},"1":{"name":"(anonymous_1)","decl":{"start":{"line":18,"column":12},"end":{"line":18,"column":13}},"loc":{"start":{"line":18,"column":31},"end":{"line":22,"column":5}},"line":18},"2":{"name":"(anonymous_2)","decl":{"start":{"line":23,"column":12},"end":{"line":23,"column":13}},"loc":{"start":{"line":23,"column":31},"end":{"line":25,"column":5}},"line":23},"3":{"name":"(anonymous_3)","decl":{"start":{"line":26,"column":12},"end":{"line":26,"column":13}},"loc":{"start":{"line":26,"column":30},"end":{"line":28,"column":5}},"line":26}},"branchMap":{"0":{"loc":{"start":{"line":6,"column":8},"end":{"line":14,"column":45}},"type":"if","locations":[{"start":{"line":6,"column":8},"end":{"line":14,"column":45}},{"start":{"line":6,"column":8},"end":{"line":14,"column":45}}],"line":6},"1":{"loc":{"start":{"line":9,"column":12},"end":{"line":12,"column":13}},"type":"if","locations":[{"start":{"line":9,"column":12},"end":{"line":12,"column":13}},{"start":{"line":9,"column":12},"end":{"line":12,"column":13}}],"line":9}},"s":{"0":3,"1":3,"2":0,"3":0,"4":0,"5":0,"6":0,"7":0,"8":0,"9":0,"10":0,"11":0,"12":0,"13":0},"f":{"0":0,"1":0,"2":0,"3":0},"b":{"0":[0,0],"1":[0,0]},"_coverageSchema":"43e27e138ebf9cfc5966b082cf9a028302ed4184","hash":"8284f13790b0f0d20413e3860345eead7770d35c"}
,"/media/adesuwa/Files/WebDev_Projects/APIs/ecommerce-api/components/products/model.product.js": {"path":"/media/adesuwa/Files/WebDev_Projects/APIs/ecommerce-api/components/products/model.product.js","statementMap":{"0":{"start":{"line":1,"column":11},"end":{"line":1,"column":40}},"1":{"start":{"line":3,"column":0},"end":{"line":75,"column":1}},"2":{"start":{"line":5,"column":23},"end":{"line":5,"column":70}},"3":{"start":{"line":6,"column":8},"end":{"line":6,"column":29}},"4":{"start":{"line":12,"column":23},"end":{"line":12,"column":81}},"5":{"start":{"line":13,"column":8},"end":{"line":13,"column":29}},"6":{"start":{"line":16,"column":22},"end":{"line":16,"column":39}},"7":{"start":{"line":17,"column":21},"end":{"line":17,"column":40}},"8":{"start":{"line":18,"column":8},"end":{"line":18,"column":38}},"9":{"start":{"line":19,"column":8},"end":{"line":19,"column":54}},"10":{"start":{"line":22,"column":22},"end":{"line":22,"column":39}},"11":{"start":{"line":23,"column":21},"end":{"line":23,"column":40}},"12":{"start":{"line":25,"column":8},"end":{"line":25,"column":38}},"13":{"start":{"line":26,"column":8},"end":{"line":26,"column":77}},"14":{"start":{"line":29,"column":22},"end":{"line":29,"column":39}},"15":{"start":{"line":30,"column":21},"end":{"line":30,"column":40}},"16":{"start":{"line":31,"column":8},"end":{"line":31,"column":38}},"17":{"start":{"line":32,"column":8},"end":{"line":32,"column":54}},"18":{"start":{"line":36,"column":8},"end":{"line":70,"column":9}},"19":{"start":{"line":37,"column":12},"end":{"line":37,"column":57}},"20":{"start":{"line":38,"column":15},"end":{"line":70,"column":9}},"21":{"start":{"line":40,"column":15},"end":{"line":70,"column":9}},"22":{"start":{"line":41,"column":12},"end":{"line":66,"column":15}},"23":{"start":{"line":42,"column":31},"end":{"line":42,"column":41}},"24":{"start":{"line":43,"column":33},"end":{"line":47,"column":34}},"25":{"start":{"line":48,"column":16},"end":{"line":58,"column":17}},"26":{"start":{"line":49,"column":44},"end":{"line":49,"column":145}},"27":{"start":{"line":52,"column":38},"end":{"line":52,"column":89}},"28":{"start":{"line":52,"column":59},"end":{"line":52,"column":88}},"29":{"start":{"line":53,"column":24},"end":{"line":53,"column":55}},"30":{"start":{"line":53,"column":41},"end":{"line":53,"column":55}},"31":{"start":{"line":55,"column":20},"end":{"line":57,"column":23}},"32":{"start":{"line":56,"column":24},"end":{"line":56,"column":60}},"33":{"start":{"line":60,"column":33},"end":{"line":60,"column":59}},"34":{"start":{"line":60,"column":74},"end":{"line":60,"column":100}},"35":{"start":{"line":61,"column":20},"end":{"line":63,"column":34}},"36":{"start":{"line":61,"column":40},"end":{"line":61,"column":49}},"37":{"start":{"line":62,"column":25},"end":{"line":63,"column":34}},"38":{"start":{"line":62,"column":46},"end":{"line":62,"column":56}},"39":{"start":{"line":63,"column":25},"end":{"line":63,"column":34}},"40":{"start":{"line":65,"column":16},"end":{"line":65,"column":65}},"41":{"start":{"line":67,"column":12},"end":{"line":67,"column":35}},"42":{"start":{"line":69,"column":12},"end":{"line":69,"column":59}},"43":{"start":{"line":73,"column":8},"end":{"line":73,"column":28}}},"fnMap":{"0":{"name":"(anonymous_0)","decl":{"start":{"line":4,"column":10},"end":{"line":4,"column":11}},"loc":{"start":{"line":4,"column":22},"end":{"line":7,"column":5}},"line":4},"1":{"name":"(anonymous_1)","decl":{"start":{"line":11,"column":14},"end":{"line":11,"column":15}},"loc":{"start":{"line":11,"column":29},"end":{"line":14,"column":5}},"line":11},"2":{"name":"(anonymous_2)","decl":{"start":{"line":15,"column":12},"end":{"line":15,"column":13}},"loc":{"start":{"line":15,"column":28},"end":{"line":20,"column":5}},"line":15},"3":{"name":"(anonymous_3)","decl":{"start":{"line":21,"column":12},"end":{"line":21,"column":13}},"loc":{"start":{"line":21,"column":38},"end":{"line":27,"column":5}},"line":21},"4":{"name":"(anonymous_4)","decl":{"start":{"line":28,"column":20},"end":{"line":28,"column":21}},"loc":{"start":{"line":28,"column":35},"end":{"line":33,"column":5}},"line":28},"5":{"name":"(anonymous_5)","decl":{"start":{"line":34,"column":20},"end":{"line":34,"column":21}},"loc":{"start":{"line":34,"column":50},"end":{"line":74,"column":5}},"line":34},"6":{"name":"(anonymous_6)","decl":{"start":{"line":41,"column":43},"end":{"line":41,"column":44}},"loc":{"start":{"line":41,"column":59},"end":{"line":66,"column":13}},"line":41},"7":{"name":"pushToArray","decl":{"start":{"line":51,"column":29},"end":{"line":51,"column":40}},"loc":{"start":{"line":51,"column":51},"end":{"line":54,"column":21}},"line":51},"8":{"name":"(anonymous_8)","decl":{"start":{"line":52,"column":52},"end":{"line":52,"column":53}},"loc":{"start":{"line":52,"column":59},"end":{"line":52,"column":88}},"line":52},"9":{"name":"(anonymous_9)","decl":{"start":{"line":55,"column":51},"end":{"line":55,"column":52}},"loc":{"start":{"line":55,"column":62},"end":{"line":57,"column":21}},"line":55},"10":{"name":"comparethumbs","decl":{"start":{"line":59,"column":25},"end":{"line":59,"column":38}},"loc":{"start":{"line":59,"column":45},"end":{"line":64,"column":17}},"line":59}},"branchMap":{"0":{"loc":{"start":{"line":34,"column":34},"end":{"line":34,"column":45}},"type":"default-arg","locations":[{"start":{"line":34,"column":41},"end":{"line":34,"column":45}}],"line":34},"1":{"loc":{"start":{"line":36,"column":8},"end":{"line":70,"column":9}},"type":"if","locations":[{"start":{"line":36,"column":8},"end":{"line":70,"column":9}},{"start":{"line":36,"column":8},"end":{"line":70,"column":9}}],"line":36},"2":{"loc":{"start":{"line":38,"column":15},"end":{"line":70,"column":9}},"type":"if","locations":[{"start":{"line":38,"column":15},"end":{"line":70,"column":9}},{"start":{"line":38,"column":15},"end":{"line":70,"column":9}}],"line":38},"3":{"loc":{"start":{"line":40,"column":15},"end":{"line":70,"column":9}},"type":"if","locations":[{"start":{"line":40,"column":15},"end":{"line":70,"column":9}},{"start":{"line":40,"column":15},"end":{"line":70,"column":9}}],"line":40},"4":{"loc":{"start":{"line":53,"column":24},"end":{"line":53,"column":55}},"type":"if","locations":[{"start":{"line":53,"column":24},"end":{"line":53,"column":55}},{"start":{"line":53,"column":24},"end":{"line":53,"column":55}}],"line":53},"5":{"loc":{"start":{"line":61,"column":20},"end":{"line":63,"column":34}},"type":"if","locations":[{"start":{"line":61,"column":20},"end":{"line":63,"column":34}},{"start":{"line":61,"column":20},"end":{"line":63,"column":34}}],"line":61},"6":{"loc":{"start":{"line":62,"column":25},"end":{"line":63,"column":34}},"type":"if","locations":[{"start":{"line":62,"column":25},"end":{"line":63,"column":34}},{"start":{"line":62,"column":25},"end":{"line":63,"column":34}}],"line":62}},"s":{"0":3,"1":3,"2":0,"3":0,"4":0,"5":0,"6":0,"7":0,"8":0,"9":0,"10":0,"11":0,"12":0,"13":0,"14":0,"15":0,"16":0,"17":0,"18":1,"19":0,"20":1,"21":1,"22":1,"23":1,"24":1,"25":1,"26":2,"27":7,"28":19,"29":7,"30":5,"31":2,"32":7,"33":7,"34":7,"35":7,"36":4,"37":3,"38":2,"39":1,"40":1,"41":1,"42":0,"43":1},"f":{"0":0,"1":0,"2":0,"3":0,"4":0,"5":1,"6":1,"7":7,"8":19,"9":7,"10":7},"b":{"0":[0],"1":[0,1],"2":[0,1],"3":[1,0],"4":[5,2],"5":[4,3],"6":[2,1]},"_coverageSchema":"43e27e138ebf9cfc5966b082cf9a028302ed4184","hash":"0dc4c0d83c2fb4ddad4d74fe20b1e2a0682ca5d2"}
,"/media/adesuwa/Files/WebDev_Projects/APIs/ecommerce-api/config/database.js": {"path":"/media/adesuwa/Files/WebDev_Projects/APIs/ecommerce-api/config/database.js","statementMap":{"0":{"start":{"line":1,"column":13},"end":{"line":1,"column":31}},"1":{"start":{"line":3,"column":15},"end":{"line":3,"column":30}},"2":{"start":{"line":5,"column":0},"end":{"line":10,"column":1}}},"fnMap":{},"branchMap":{},"s":{"0":3,"1":3,"2":3},"f":{},"b":{},"_coverageSchema":"43e27e138ebf9cfc5966b082cf9a028302ed4184","hash":"e1cbe40e0e33d15622a7367561004d5b5ca2ee97"}
,"/media/adesuwa/Files/WebDev_Projects/APIs/ecommerce-api/config/index.js": {"path":"/media/adesuwa/Files/WebDev_Projects/APIs/ecommerce-api/config/index.js","statementMap":{"0":{"start":{"line":1,"column":0},"end":{"line":1,"column":11}},"1":{"start":{"line":3,"column":19},"end":{"line":3,"column":40}},"2":{"start":{"line":5,"column":0},"end":{"line":7,"column":41}},"3":{"start":{"line":5,"column":41},"end":{"line":5,"column":79}},"4":{"start":{"line":6,"column":5},"end":{"line":7,"column":41}},"5":{"start":{"line":6,"column":45},"end":{"line":6,"column":82}},"6":{"start":{"line":7,"column":5},"end":{"line":7,"column":41}},"7":{"start":{"line":9,"column":0},"end":{"line":13,"column":3}},"8":{"start":{"line":15,"column":0},"end":{"line":15,"column":24}}},"fnMap":{},"branchMap":{"0":{"loc":{"start":{"line":5,"column":0},"end":{"line":7,"column":41}},"type":"if","locations":[{"start":{"line":5,"column":0},"end":{"line":7,"column":41}},{"start":{"line":5,"column":0},"end":{"line":7,"column":41}}],"line":5},"1":{"loc":{"start":{"line":6,"column":5},"end":{"line":7,"column":41}},"type":"if","locations":[{"start":{"line":6,"column":5},"end":{"line":7,"column":41}},{"start":{"line":6,"column":5},"end":{"line":7,"column":41}}],"line":6}},"s":{"0":3,"1":3,"2":3,"3":3,"4":0,"5":0,"6":0,"7":3,"8":3},"f":{},"b":{"0":[3,0],"1":[0,0]},"_coverageSchema":"43e27e138ebf9cfc5966b082cf9a028302ed4184","hash":"4b439c3491e471d91d2d8033ddb262e5c0aff18e"}
,"/media/adesuwa/Files/WebDev_Projects/APIs/ecommerce-api/config/passport.js": {"path":"/media/adesuwa/Files/WebDev_Projects/APIs/ecommerce-api/config/passport.js","statementMap":{"0":{"start":{"line":2,"column":22},"end":{"line":2,"column":47}},"1":{"start":{"line":4,"column":18},"end":{"line":4,"column":58}},"2":{"start":{"line":5,"column":15},"end":{"line":5,"column":37}},"3":{"start":{"line":7,"column":0},"end":{"line":46,"column":1}},"4":{"start":{"line":8,"column":4},"end":{"line":27,"column":7}},"5":{"start":{"line":12,"column":12},"end":{"line":25,"column":13}},"6":{"start":{"line":13,"column":27},"end":{"line":13,"column":70}},"7":{"start":{"line":14,"column":16},"end":{"line":17,"column":17}},"8":{"start":{"line":15,"column":20},"end":{"line":15,"column":43}},"9":{"start":{"line":16,"column":20},"end":{"line":16,"column":93}},"10":{"start":{"line":18,"column":29},"end":{"line":18,"column":72}},"11":{"start":{"line":19,"column":16},"end":{"line":19,"column":102}},"12":{"start":{"line":19,"column":36},"end":{"line":19,"column":102}},"13":{"start":{"line":20,"column":16},"end":{"line":20,"column":42}},"14":{"start":{"line":21,"column":16},"end":{"line":21,"column":40}},"15":{"start":{"line":23,"column":16},"end":{"line":23,"column":66}},"16":{"start":{"line":24,"column":16},"end":{"line":24,"column":31}},"17":{"start":{"line":29,"column":4},"end":{"line":33,"column":7}},"18":{"start":{"line":30,"column":8},"end":{"line":30,"column":40}},"19":{"start":{"line":32,"column":8},"end":{"line":32,"column":29}},"20":{"start":{"line":35,"column":4},"end":{"line":45,"column":6}},"21":{"start":{"line":36,"column":8},"end":{"line":36,"column":42}},"22":{"start":{"line":37,"column":8},"end":{"line":44,"column":9}},"23":{"start":{"line":38,"column":23},"end":{"line":38,"column":58}},"24":{"start":{"line":39,"column":12},"end":{"line":39,"column":54}},"25":{"start":{"line":40,"column":12},"end":{"line":40,"column":29}},"26":{"start":{"line":42,"column":12},"end":{"line":42,"column":44}},"27":{"start":{"line":43,"column":12},"end":{"line":43,"column":35}}},"fnMap":{"0":{"name":"(anonymous_0)","decl":{"start":{"line":7,"column":17},"end":{"line":7,"column":18}},"loc":{"start":{"line":7,"column":31},"end":{"line":46,"column":1}},"line":7},"1":{"name":"(anonymous_1)","decl":{"start":{"line":11,"column":8},"end":{"line":11,"column":9}},"loc":{"start":{"line":11,"column":49},"end":{"line":26,"column":9}},"line":11},"2":{"name":"(anonymous_2)","decl":{"start":{"line":29,"column":27},"end":{"line":29,"column":28}},"loc":{"start":{"line":29,"column":48},"end":{"line":33,"column":5}},"line":29},"3":{"name":"(anonymous_3)","decl":{"start":{"line":35,"column":29},"end":{"line":35,"column":30}},"loc":{"start":{"line":35,"column":54},"end":{"line":45,"column":5}},"line":35}},"branchMap":{"0":{"loc":{"start":{"line":14,"column":16},"end":{"line":17,"column":17}},"type":"if","locations":[{"start":{"line":14,"column":16},"end":{"line":17,"column":17}},{"start":{"line":14,"column":16},"end":{"line":17,"column":17}}],"line":14},"1":{"loc":{"start":{"line":19,"column":16},"end":{"line":19,"column":102}},"type":"if","locations":[{"start":{"line":19,"column":16},"end":{"line":19,"column":102}},{"start":{"line":19,"column":16},"end":{"line":19,"column":102}}],"line":19}},"s":{"0":3,"1":3,"2":3,"3":3,"4":3,"5":3,"6":3,"7":3,"8":1,"9":1,"10":2,"11":2,"12":1,"13":1,"14":1,"15":0,"16":0,"17":3,"18":1,"19":1,"20":3,"21":0,"22":0,"23":0,"24":0,"25":0,"26":0,"27":0},"f":{"0":3,"1":3,"2":1,"3":0},"b":{"0":[1,2],"1":[1,1]},"_coverageSchema":"43e27e138ebf9cfc5966b082cf9a028302ed4184","hash":"f5fffeb2af6cbf07d2e1a05ca7aec37f9851efab"}
,"/media/adesuwa/Files/WebDev_Projects/APIs/ecommerce-api/config/routes.js": {"path":"/media/adesuwa/Files/WebDev_Projects/APIs/ecommerce-api/config/routes.js","statementMap":{"0":{"start":{"line":1,"column":16},"end":{"line":1,"column":34}},"1":{"start":{"line":2,"column":15},"end":{"line":2,"column":31}},"2":{"start":{"line":3,"column":17},"end":{"line":3,"column":63}},"3":{"start":{"line":4,"column":13},"end":{"line":4,"column":52}},"4":{"start":{"line":5,"column":18},"end":{"line":5,"column":59}},"5":{"start":{"line":6,"column":23},"end":{"line":6,"column":53}},"6":{"start":{"line":7,"column":17},"end":{"line":7,"column":36}},"7":{"start":{"line":8,"column":13},"end":{"line":8,"column":52}},"8":{"start":{"line":10,"column":0},"end":{"line":10,"column":22}},"9":{"start":{"line":11,"column":0},"end":{"line":14,"column":3}},"10":{"start":{"line":12,"column":4},"end":{"line":12,"column":54}},"11":{"start":{"line":13,"column":4},"end":{"line":13,"column":11}},"12":{"start":{"line":16,"column":0},"end":{"line":18,"column":20}},"13":{"start":{"line":20,"column":0},"end":{"line":21,"column":19}},"14":{"start":{"line":23,"column":0},"end":{"line":34,"column":43}},"15":{"start":{"line":24,"column":32},"end":{"line":33,"column":51}},"16":{"start":{"line":25,"column":36},"end":{"line":27,"column":37}},"17":{"start":{"line":26,"column":40},"end":{"line":26,"column":83}},"18":{"start":{"line":26,"column":71},"end":{"line":26,"column":80}},"19":{"start":{"line":28,"column":36},"end":{"line":31,"column":37}},"20":{"start":{"line":29,"column":40},"end":{"line":29,"column":72}},"21":{"start":{"line":30,"column":40},"end":{"line":30,"column":69}},"22":{"start":{"line":32,"column":36},"end":{"line":32,"column":61}},"23":{"start":{"line":32,"column":44},"end":{"line":32,"column":61}},"24":{"start":{"line":36,"column":0},"end":{"line":37,"column":18}},"25":{"start":{"line":39,"column":0},"end":{"line":40,"column":26}},"26":{"start":{"line":42,"column":0},"end":{"line":42,"column":79}},"27":{"start":{"line":43,"column":0},"end":{"line":43,"column":24}}},"fnMap":{"0":{"name":"(anonymous_0)","decl":{"start":{"line":11,"column":11},"end":{"line":11,"column":12}},"loc":{"start":{"line":11,"column":36},"end":{"line":14,"column":1}},"line":11},"1":{"name":"(anonymous_1)","decl":{"start":{"line":23,"column":27},"end":{"line":23,"column":28}},"loc":{"start":{"line":23,"column":52},"end":{"line":34,"column":29}},"line":23},"2":{"name":"(anonymous_2)","decl":{"start":{"line":24,"column":63},"end":{"line":24,"column":64}},"loc":{"start":{"line":24,"column":84},"end":{"line":33,"column":33}},"line":24},"3":{"name":"(anonymous_3)","decl":{"start":{"line":26,"column":56},"end":{"line":26,"column":57}},"loc":{"start":{"line":26,"column":70},"end":{"line":26,"column":81}},"line":26}},"branchMap":{"0":{"loc":{"start":{"line":25,"column":36},"end":{"line":27,"column":37}},"type":"if","locations":[{"start":{"line":25,"column":36},"end":{"line":27,"column":37}},{"start":{"line":25,"column":36},"end":{"line":27,"column":37}}],"line":25},"1":{"loc":{"start":{"line":28,"column":36},"end":{"line":31,"column":37}},"type":"if","locations":[{"start":{"line":28,"column":36},"end":{"line":31,"column":37}},{"start":{"line":28,"column":36},"end":{"line":31,"column":37}}],"line":28},"2":{"loc":{"start":{"line":32,"column":36},"end":{"line":32,"column":61}},"type":"if","locations":[{"start":{"line":32,"column":36},"end":{"line":32,"column":61}},{"start":{"line":32,"column":36},"end":{"line":32,"column":61}}],"line":32}},"s":{"0":3,"1":3,"2":3,"3":3,"4":3,"5":3,"6":3,"7":3,"8":3,"9":3,"10":6,"11":6,"12":3,"13":3,"14":3,"15":3,"16":3,"17":1,"18":1,"19":3,"20":2,"21":2,"22":1,"23":0,"24":3,"25":3,"26":3,"27":3},"f":{"0":6,"1":3,"2":3,"3":1},"b":{"0":[1,2],"1":[2,1],"2":[0,1]},"_coverageSchema":"43e27e138ebf9cfc5966b082cf9a028302ed4184","hash":"433a126a8dd6e8fd32f13dae10227feb0c562df2"}
,"/media/adesuwa/Files/WebDev_Projects/APIs/ecommerce-api/config/env/development.js": {"path":"/media/adesuwa/Files/WebDev_Projects/APIs/ecommerce-api/config/env/development.js","statementMap":{"0":{"start":{"line":1,"column":0},"end":{"line":13,"column":1}}},"fnMap":{},"branchMap":{},"s":{"0":3},"f":{},"b":{},"_coverageSchema":"43e27e138ebf9cfc5966b082cf9a028302ed4184","hash":"f05d6ee8f8b5127c4abb95606b49d6d64f453a61"}
,"/media/adesuwa/Files/WebDev_Projects/APIs/ecommerce-api/middlewares/auth.js": {"path":"/media/adesuwa/Files/WebDev_Projects/APIs/ecommerce-api/middlewares/auth.js","statementMap":{"0":{"start":{"line":1,"column":0},"end":{"line":13,"column":1}},"1":{"start":{"line":3,"column":8},"end":{"line":3,"column":72}},"2":{"start":{"line":4,"column":8},"end":{"line":4,"column":57}},"3":{"start":{"line":5,"column":8},"end":{"line":11,"column":9}},"4":{"start":{"line":6,"column":12},"end":{"line":8,"column":55}},"5":{"start":{"line":7,"column":16},"end":{"line":7,"column":30}},"6":{"start":{"line":8,"column":19},"end":{"line":8,"column":55}},"7":{"start":{"line":10,"column":12},"end":{"line":10,"column":39}}},"fnMap":{"0":{"name":"(anonymous_0)","decl":{"start":{"line":2,"column":14},"end":{"line":2,"column":15}},"loc":{"start":{"line":2,"column":34},"end":{"line":12,"column":5}},"line":2}},"branchMap":{"0":{"loc":{"start":{"line":6,"column":12},"end":{"line":8,"column":55}},"type":"if","locations":[{"start":{"line":6,"column":12},"end":{"line":8,"column":55}},{"start":{"line":6,"column":12},"end":{"line":8,"column":55}}],"line":6}},"s":{"0":3,"1":1,"2":1,"3":1,"4":1,"5":0,"6":0,"7":1},"f":{"0":1},"b":{"0":[0,0]},"_coverageSchema":"43e27e138ebf9cfc5966b082cf9a028302ed4184","hash":"a5eaeee49d5c834bdf8d3733bd9a445d21341404"}
,"/media/adesuwa/Files/WebDev_Projects/APIs/ecommerce-api/middlewares/errorhelper.js": {"path":"/media/adesuwa/Files/WebDev_Projects/APIs/ecommerce-api/middlewares/errorhelper.js","statementMap":{"0":{"start":{"line":1,"column":0},"end":{"line":14,"column":1}},"1":{"start":{"line":4,"column":12},"end":{"line":4,"column":29}},"2":{"start":{"line":5,"column":12},"end":{"line":5,"column":42}},"3":{"start":{"line":6,"column":12},"end":{"line":6,"column":41}},"4":{"start":{"line":7,"column":12},"end":{"line":7,"column":43}},"5":{"start":{"line":8,"column":12},"end":{"line":8,"column":38}},"6":{"start":{"line":11,"column":4},"end":{"line":11,"column":11}}},"fnMap":{"0":{"name":"(anonymous_0)","decl":{"start":{"line":1,"column":17},"end":{"line":1,"column":18}},"loc":{"start":{"line":1,"column":37},"end":{"line":14,"column":1}},"line":1},"1":{"name":"AppError","decl":{"start":{"line":2,"column":13},"end":{"line":2,"column":21}},"loc":{"start":{"line":2,"column":48},"end":{"line":10,"column":5}},"line":2}},"branchMap":{},"s":{"0":3,"1":0,"2":0,"3":0,"4":0,"5":0,"6":6},"f":{"0":6,"1":0},"b":{},"_coverageSchema":"43e27e138ebf9cfc5966b082cf9a028302ed4184","hash":"d98061db99a35a4566171a590deb276f8e0e2525"}
,"/media/adesuwa/Files/WebDev_Projects/APIs/ecommerce-api/middlewares/responsehelpers.js": {"path":"/media/adesuwa/Files/WebDev_Projects/APIs/ecommerce-api/middlewares/responsehelpers.js","statementMap":{"0":{"start":{"line":1,"column":0},"end":{"line":32,"column":1}},"1":{"start":{"line":5,"column":4},"end":{"line":15,"column":5}},"2":{"start":{"line":6,"column":8},"end":{"line":6,"column":45}},"3":{"start":{"line":7,"column":22},"end":{"line":7,"column":34}},"4":{"start":{"line":8,"column":25},"end":{"line":8,"column":44}},"5":{"start":{"line":9,"column":8},"end":{"line":9,"column":36}},"6":{"start":{"line":11,"column":8},"end":{"line":11,"column":70}},"7":{"start":{"line":12,"column":8},"end":{"line":12,"column":86}},"8":{"start":{"line":14,"column":8},"end":{"line":14,"column":73}},"9":{"start":{"line":19,"column":4},"end":{"line":22,"column":5}},"10":{"start":{"line":20,"column":8},"end":{"line":20,"column":40}},"11":{"start":{"line":21,"column":8},"end":{"line":21,"column":43}},"12":{"start":{"line":23,"column":4},"end":{"line":29,"column":5}},"13":{"start":{"line":25,"column":8},"end":{"line":25,"column":36}},"14":{"start":{"line":26,"column":8},"end":{"line":28,"column":59}},"15":{"start":{"line":27,"column":12},"end":{"line":27,"column":22}},"16":{"start":{"line":28,"column":15},"end":{"line":28,"column":59}},"17":{"start":{"line":31,"column":4},"end":{"line":31,"column":11}}},"fnMap":{"0":{"name":"(anonymous_0)","decl":{"start":{"line":1,"column":17},"end":{"line":1,"column":18}},"loc":{"start":{"line":1,"column":37},"end":{"line":32,"column":1}},"line":1},"1":{"name":"(anonymous_1)","decl":{"start":{"line":5,"column":17},"end":{"line":5,"column":18}},"loc":{"start":{"line":5,"column":28},"end":{"line":15,"column":5}},"line":5},"2":{"name":"(anonymous_2)","decl":{"start":{"line":19,"column":18},"end":{"line":19,"column":19}},"loc":{"start":{"line":19,"column":47},"end":{"line":22,"column":5}},"line":19},"3":{"name":"(anonymous_3)","decl":{"start":{"line":23,"column":18},"end":{"line":23,"column":19}},"loc":{"start":{"line":23,"column":42},"end":{"line":29,"column":5}},"line":23}},"branchMap":{"0":{"loc":{"start":{"line":8,"column":25},"end":{"line":8,"column":44}},"type":"binary-expr","locations":[{"start":{"line":8,"column":25},"end":{"line":8,"column":37}},{"start":{"line":8,"column":41},"end":{"line":8,"column":44}}],"line":8},"1":{"loc":{"start":{"line":9,"column":15},"end":{"line":9,"column":35}},"type":"binary-expr","locations":[{"start":{"line":9,"column":15},"end":{"line":9,"column":27}},{"start":{"line":9,"column":31},"end":{"line":9,"column":35}}],"line":9},"2":{"loc":{"start":{"line":12,"column":72},"end":{"line":12,"column":84}},"type":"binary-expr","locations":[{"start":{"line":12,"column":72},"end":{"line":12,"column":76}},{"start":{"line":12,"column":78},"end":{"line":12,"column":84}}],"line":12},"3":{"loc":{"start":{"line":14,"column":56},"end":{"line":14,"column":70}},"type":"binary-expr","locations":[{"start":{"line":14,"column":56},"end":{"line":14,"column":60}},{"start":{"line":14,"column":64},"end":{"line":14,"column":70}}],"line":14},"4":{"loc":{"start":{"line":19,"column":36},"end":{"line":19,"column":45}},"type":"default-arg","locations":[{"start":{"line":19,"column":41},"end":{"line":19,"column":45}}],"line":19},"5":{"loc":{"start":{"line":23,"column":28},"end":{"line":23,"column":37}},"type":"default-arg","locations":[{"start":{"line":23,"column":33},"end":{"line":23,"column":37}}],"line":23},"6":{"loc":{"start":{"line":26,"column":8},"end":{"line":28,"column":59}},"type":"if","locations":[{"start":{"line":26,"column":8},"end":{"line":28,"column":59}},{"start":{"line":26,"column":8},"end":{"line":28,"column":59}}],"line":26}},"s":{"0":3,"1":6,"2":3,"3":3,"4":3,"5":3,"6":3,"7":3,"8":3,"9":6,"10":3,"11":3,"12":6,"13":0,"14":0,"15":0,"16":0,"17":6},"f":{"0":6,"1":3,"2":3,"3":0},"b":{"0":[3,1],"1":[3,3],"2":[3,0],"3":[3,0],"4":[1],"5":[0],"6":[0,0]},"_coverageSchema":"43e27e138ebf9cfc5966b082cf9a028302ed4184","hash":"90f02260244774740c9bb6f9fba58afd931b1eaa"}
}
