{"/media/adesuwa/Files/WebDev_Projects/APIs/ecommerce-api/app.js": {"path":"/media/adesuwa/Files/WebDev_Projects/APIs/ecommerce-api/app.js","statementMap":{"0":{"start":{"line":1,"column":16},"end":{"line":1,"column":34}},"1":{"start":{"line":3,"column":11},"end":{"line":3,"column":20}},"2":{"start":{"line":4,"column":16},"end":{"line":4,"column":42}},"3":{"start":{"line":5,"column":23},"end":{"line":5,"column":60}},"4":{"start":{"line":6,"column":19},"end":{"line":6,"column":41}},"5":{"start":{"line":7,"column":17},"end":{"line":7,"column":36}},"6":{"start":{"line":8,"column":13},"end":{"line":8,"column":28}},"7":{"start":{"line":9,"column":15},"end":{"line":9,"column":32}},"8":{"start":{"line":10,"column":11},"end":{"line":10,"column":36}},"9":{"start":{"line":11,"column":15},"end":{"line":11,"column":41}},"10":{"start":{"line":12,"column":0},"end":{"line":12,"column":39}},"11":{"start":{"line":13,"column":18},"end":{"line":13,"column":37}},"12":{"start":{"line":14,"column":15},"end":{"line":14,"column":33}},"13":{"start":{"line":16,"column":20},"end":{"line":16,"column":56}},"14":{"start":{"line":18,"column":0},"end":{"line":18,"column":45}},"15":{"start":{"line":19,"column":22},"end":{"line":32,"column":1}},"16":{"start":{"line":34,"column":0},"end":{"line":34,"column":26}},"17":{"start":{"line":35,"column":0},"end":{"line":35,"column":32}},"18":{"start":{"line":36,"column":0},"end":{"line":36,"column":18}},"19":{"start":{"line":37,"column":0},"end":{"line":37,"column":16}},"20":{"start":{"line":38,"column":0},"end":{"line":38,"column":24}},"21":{"start":{"line":39,"column":0},"end":{"line":39,"column":27}},"22":{"start":{"line":40,"column":0},"end":{"line":40,"column":21}},"23":{"start":{"line":41,"column":0},"end":{"line":41,"column":31}},"24":{"start":{"line":42,"column":0},"end":{"line":42,"column":28}},"25":{"start":{"line":44,"column":0},"end":{"line":44,"column":28}},"26":{"start":{"line":45,"column":0},"end":{"line":45,"column":24}},"27":{"start":{"line":47,"column":0},"end":{"line":47,"column":27}},"28":{"start":{"line":49,"column":0},"end":{"line":49,"column":53}}},"fnMap":{},"branchMap":{},"s":{"0":3,"1":3,"2":3,"3":3,"4":3,"5":3,"6":3,"7":3,"8":3,"9":3,"10":3,"11":3,"12":3,"13":3,"14":3,"15":3,"16":3,"17":3,"18":3,"19":3,"20":3,"21":3,"22":3,"23":3,"24":3,"25":3,"26":3,"27":3,"28":3},"f":{},"b":{},"_coverageSchema":"43e27e138ebf9cfc5966b082cf9a028302ed4184","hash":"71585920a0e626716906f00269c37f1de44e5558"}
,"/media/adesuwa/Files/WebDev_Projects/APIs/ecommerce-api/bin/database.js": {"path":"/media/adesuwa/Files/WebDev_Projects/APIs/ecommerce-api/bin/database.js","statementMap":{"0":{"start":{"line":1,"column":15},"end":{"line":1,"column":28}},"1":{"start":{"line":2,"column":15},"end":{"line":2,"column":44}},"2":{"start":{"line":4,"column":11},"end":{"line":9,"column":1}},"3":{"start":{"line":12,"column":0},"end":{"line":214,"column":1}},"4":{"start":{"line":14,"column":8},"end":{"line":14,"column":28}},"5":{"start":{"line":17,"column":8},"end":{"line":17,"column":26}},"6":{"start":{"line":24,"column":21},"end":{"line":24,"column":25}},"7":{"start":{"line":25,"column":24},"end":{"line":25,"column":48}},"8":{"start":{"line":26,"column":8},"end":{"line":37,"column":9}},"9":{"start":{"line":27,"column":12},"end":{"line":27,"column":24}},"10":{"start":{"line":28,"column":12},"end":{"line":28,"column":35}},"11":{"start":{"line":29,"column":20},"end":{"line":29,"column":21}},"12":{"start":{"line":30,"column":12},"end":{"line":36,"column":13}},"13":{"start":{"line":31,"column":16},"end":{"line":31,"column":44}},"14":{"start":{"line":32,"column":16},"end":{"line":32,"column":45}},"15":{"start":{"line":32,"column":24},"end":{"line":32,"column":45}},"16":{"start":{"line":33,"column":16},"end":{"line":33,"column":20}},"17":{"start":{"line":34,"column":16},"end":{"line":35,"column":49}},"18":{"start":{"line":34,"column":65},"end":{"line":34,"column":82}},"19":{"start":{"line":35,"column":21},"end":{"line":35,"column":49}},"20":{"start":{"line":38,"column":8},"end":{"line":38,"column":115}},"21":{"start":{"line":38,"column":54},"end":{"line":38,"column":115}},"22":{"start":{"line":38,"column":81},"end":{"line":38,"column":113}},"23":{"start":{"line":39,"column":8},"end":{"line":39,"column":156}},"24":{"start":{"line":46,"column":21},"end":{"line":46,"column":25}},"25":{"start":{"line":47,"column":24},"end":{"line":47,"column":48}},"26":{"start":{"line":48,"column":8},"end":{"line":59,"column":9}},"27":{"start":{"line":49,"column":12},"end":{"line":49,"column":24}},"28":{"start":{"line":50,"column":12},"end":{"line":50,"column":35}},"29":{"start":{"line":51,"column":20},"end":{"line":51,"column":21}},"30":{"start":{"line":52,"column":12},"end":{"line":58,"column":13}},"31":{"start":{"line":53,"column":16},"end":{"line":53,"column":44}},"32":{"start":{"line":54,"column":16},"end":{"line":54,"column":45}},"33":{"start":{"line":54,"column":24},"end":{"line":54,"column":45}},"34":{"start":{"line":55,"column":16},"end":{"line":55,"column":20}},"35":{"start":{"line":57,"column":16},"end":{"line":57,"column":44}},"36":{"start":{"line":60,"column":8},"end":{"line":60,"column":84}},"37":{"start":{"line":60,"column":34},"end":{"line":60,"column":84}},"38":{"start":{"line":61,"column":8},"end":{"line":61,"column":79}},"39":{"start":{"line":61,"column":36},"end":{"line":61,"column":79}},"40":{"start":{"line":62,"column":8},"end":{"line":62,"column":79}},"41":{"start":{"line":62,"column":33},"end":{"line":62,"column":79}},"42":{"start":{"line":63,"column":8},"end":{"line":63,"column":105}},"43":{"start":{"line":63,"column":32},"end":{"line":63,"column":105}},"44":{"start":{"line":65,"column":8},"end":{"line":65,"column":49}},"45":{"start":{"line":66,"column":8},"end":{"line":66,"column":57}},"46":{"start":{"line":70,"column":8},"end":{"line":70,"column":60}},"47":{"start":{"line":71,"column":21},"end":{"line":71,"column":25}},"48":{"start":{"line":72,"column":24},"end":{"line":72,"column":48}},"49":{"start":{"line":73,"column":8},"end":{"line":85,"column":9}},"50":{"start":{"line":74,"column":12},"end":{"line":74,"column":70}},"51":{"start":{"line":75,"column":12},"end":{"line":75,"column":24}},"52":{"start":{"line":76,"column":12},"end":{"line":76,"column":35}},"53":{"start":{"line":77,"column":20},"end":{"line":77,"column":21}},"54":{"start":{"line":78,"column":12},"end":{"line":84,"column":13}},"55":{"start":{"line":79,"column":16},"end":{"line":79,"column":44}},"56":{"start":{"line":80,"column":16},"end":{"line":80,"column":45}},"57":{"start":{"line":80,"column":24},"end":{"line":80,"column":45}},"58":{"start":{"line":81,"column":16},"end":{"line":81,"column":20}},"59":{"start":{"line":82,"column":16},"end":{"line":83,"column":49}},"60":{"start":{"line":82,"column":65},"end":{"line":82,"column":82}},"61":{"start":{"line":83,"column":21},"end":{"line":83,"column":49}},"62":{"start":{"line":86,"column":8},"end":{"line":86,"column":115}},"63":{"start":{"line":86,"column":54},"end":{"line":86,"column":115}},"64":{"start":{"line":86,"column":81},"end":{"line":86,"column":113}},"65":{"start":{"line":87,"column":8},"end":{"line":87,"column":156}},"66":{"start":{"line":91,"column":8},"end":{"line":91,"column":60}},"67":{"start":{"line":92,"column":21},"end":{"line":92,"column":25}},"68":{"start":{"line":93,"column":24},"end":{"line":93,"column":48}},"69":{"start":{"line":94,"column":8},"end":{"line":106,"column":9}},"70":{"start":{"line":95,"column":12},"end":{"line":95,"column":70}},"71":{"start":{"line":96,"column":12},"end":{"line":96,"column":24}},"72":{"start":{"line":97,"column":12},"end":{"line":97,"column":35}},"73":{"start":{"line":98,"column":20},"end":{"line":98,"column":21}},"74":{"start":{"line":99,"column":12},"end":{"line":105,"column":13}},"75":{"start":{"line":100,"column":16},"end":{"line":100,"column":44}},"76":{"start":{"line":101,"column":16},"end":{"line":101,"column":45}},"77":{"start":{"line":101,"column":24},"end":{"line":101,"column":45}},"78":{"start":{"line":102,"column":16},"end":{"line":102,"column":20}},"79":{"start":{"line":103,"column":16},"end":{"line":104,"column":49}},"80":{"start":{"line":103,"column":65},"end":{"line":103,"column":82}},"81":{"start":{"line":104,"column":21},"end":{"line":104,"column":49}},"82":{"start":{"line":107,"column":8},"end":{"line":107,"column":115}},"83":{"start":{"line":107,"column":54},"end":{"line":107,"column":115}},"84":{"start":{"line":107,"column":81},"end":{"line":107,"column":113}},"85":{"start":{"line":108,"column":8},"end":{"line":108,"column":80}},"86":{"start":{"line":109,"column":8},"end":{"line":115,"column":9}},"87":{"start":{"line":110,"column":12},"end":{"line":110,"column":47}},"88":{"start":{"line":111,"column":12},"end":{"line":111,"column":87}},"89":{"start":{"line":113,"column":12},"end":{"line":113,"column":44}},"90":{"start":{"line":114,"column":12},"end":{"line":114,"column":80}},"91":{"start":{"line":119,"column":8},"end":{"line":134,"column":9}},"92":{"start":{"line":120,"column":21},"end":{"line":120,"column":39}},"93":{"start":{"line":122,"column":27},"end":{"line":122,"column":29}},"94":{"start":{"line":123,"column":10},"end":{"line":126,"column":11}},"95":{"start":{"line":124,"column":12},"end":{"line":125,"column":41}},"96":{"start":{"line":124,"column":35},"end":{"line":124,"column":56}},"97":{"start":{"line":125,"column":17},"end":{"line":125,"column":41}},"98":{"start":{"line":128,"column":26},"end":{"line":128,"column":93}},"99":{"start":{"line":129,"column":20},"end":{"line":129,"column":55}},"100":{"start":{"line":130,"column":10},"end":{"line":130,"column":21}},"101":{"start":{"line":132,"column":10},"end":{"line":132,"column":36}},"102":{"start":{"line":133,"column":10},"end":{"line":133,"column":22}},"103":{"start":{"line":138,"column":8},"end":{"line":147,"column":9}},"104":{"start":{"line":139,"column":28},"end":{"line":141,"column":48}},"105":{"start":{"line":142,"column":22},"end":{"line":142,"column":57}},"106":{"start":{"line":143,"column":12},"end":{"line":143,"column":23}},"107":{"start":{"line":145,"column":12},"end":{"line":145,"column":36}},"108":{"start":{"line":146,"column":12},"end":{"line":146,"column":32}},"109":{"start":{"line":151,"column":8},"end":{"line":180,"column":9}},"110":{"start":{"line":152,"column":28},"end":{"line":152,"column":49}},"111":{"start":{"line":154,"column":12},"end":{"line":158,"column":13}},"112":{"start":{"line":156,"column":16},"end":{"line":156,"column":42}},"113":{"start":{"line":156,"column":24},"end":{"line":156,"column":42}},"114":{"start":{"line":157,"column":16},"end":{"line":157,"column":53}},"115":{"start":{"line":160,"column":12},"end":{"line":171,"column":67}},"116":{"start":{"line":161,"column":16},"end":{"line":161,"column":28}},"117":{"start":{"line":162,"column":16},"end":{"line":162,"column":39}},"118":{"start":{"line":163,"column":24},"end":{"line":163,"column":25}},"119":{"start":{"line":164,"column":16},"end":{"line":170,"column":17}},"120":{"start":{"line":165,"column":20},"end":{"line":165,"column":48}},"121":{"start":{"line":166,"column":20},"end":{"line":166,"column":49}},"122":{"start":{"line":166,"column":28},"end":{"line":166,"column":49}},"123":{"start":{"line":167,"column":20},"end":{"line":167,"column":24}},"124":{"start":{"line":169,"column":20},"end":{"line":169,"column":48}},"125":{"start":{"line":171,"column":19},"end":{"line":171,"column":67}},"126":{"start":{"line":173,"column":12},"end":{"line":173,"column":35}},"127":{"start":{"line":174,"column":22},"end":{"line":174,"column":63}},"128":{"start":{"line":175,"column":12},"end":{"line":175,"column":36}},"129":{"start":{"line":176,"column":12},"end":{"line":176,"column":23}},"130":{"start":{"line":178,"column":12},"end":{"line":178,"column":38}},"131":{"start":{"line":179,"column":12},"end":{"line":179,"column":27}},"132":{"start":{"line":184,"column":8},"end":{"line":190,"column":9}},"133":{"start":{"line":185,"column":22},"end":{"line":185,"column":52}},"134":{"start":{"line":186,"column":12},"end":{"line":186,"column":23}},"135":{"start":{"line":188,"column":12},"end":{"line":188,"column":39}},"136":{"start":{"line":189,"column":12},"end":{"line":189,"column":27}},"137":{"start":{"line":194,"column":23},"end":{"line":194,"column":43}},"138":{"start":{"line":195,"column":18},"end":{"line":195,"column":20}},"139":{"start":{"line":196,"column":8},"end":{"line":211,"column":9}},"140":{"start":{"line":197,"column":12},"end":{"line":197,"column":40}},"141":{"start":{"line":198,"column":12},"end":{"line":207,"column":13}},"142":{"start":{"line":199,"column":16},"end":{"line":199,"column":49}},"143":{"start":{"line":200,"column":16},"end":{"line":200,"column":39}},"144":{"start":{"line":201,"column":16},"end":{"line":201,"column":32}},"145":{"start":{"line":203,"column":16},"end":{"line":203,"column":31}},"146":{"start":{"line":204,"column":16},"end":{"line":204,"column":83}},"147":{"start":{"line":205,"column":16},"end":{"line":205,"column":41}},"148":{"start":{"line":206,"column":16},"end":{"line":206,"column":24}},"149":{"start":{"line":209,"column":12},"end":{"line":209,"column":45}},"150":{"start":{"line":210,"column":12},"end":{"line":210,"column":29}},"151":{"start":{"line":212,"column":8},"end":{"line":212,"column":19}}},"fnMap":{"0":{"name":"(anonymous_0)","decl":{"start":{"line":13,"column":24},"end":{"line":13,"column":25}},"loc":{"start":{"line":13,"column":30},"end":{"line":15,"column":5}},"line":13},"1":{"name":"(anonymous_1)","decl":{"start":{"line":16,"column":11},"end":{"line":16,"column":12}},"loc":{"start":{"line":16,"column":17},"end":{"line":18,"column":5}},"line":16},"2":{"name":"(anonymous_2)","decl":{"start":{"line":23,"column":10},"end":{"line":23,"column":11}},"loc":{"start":{"line":23,"column":45},"end":{"line":40,"column":5}},"line":23},"3":{"name":"(anonymous_3)","decl":{"start":{"line":38,"column":77},"end":{"line":38,"column":78}},"loc":{"start":{"line":38,"column":81},"end":{"line":38,"column":113}},"line":38},"4":{"name":"(anonymous_4)","decl":{"start":{"line":45,"column":14},"end":{"line":45,"column":15}},"loc":{"start":{"line":45,"column":65},"end":{"line":67,"column":5}},"line":45},"5":{"name":"(anonymous_5)","decl":{"start":{"line":69,"column":13},"end":{"line":69,"column":14}},"loc":{"start":{"line":69,"column":48},"end":{"line":88,"column":5}},"line":69},"6":{"name":"(anonymous_6)","decl":{"start":{"line":86,"column":77},"end":{"line":86,"column":78}},"loc":{"start":{"line":86,"column":81},"end":{"line":86,"column":113}},"line":86},"7":{"name":"(anonymous_7)","decl":{"start":{"line":90,"column":19},"end":{"line":90,"column":20}},"loc":{"start":{"line":90,"column":54},"end":{"line":116,"column":5}},"line":90},"8":{"name":"(anonymous_8)","decl":{"start":{"line":107,"column":77},"end":{"line":107,"column":78}},"loc":{"start":{"line":107,"column":81},"end":{"line":107,"column":113}},"line":107},"9":{"name":"(anonymous_9)","decl":{"start":{"line":118,"column":12},"end":{"line":118,"column":13}},"loc":{"start":{"line":118,"column":45},"end":{"line":135,"column":5}},"line":118},"10":{"name":"(anonymous_10)","decl":{"start":{"line":137,"column":24},"end":{"line":137,"column":25}},"loc":{"start":{"line":137,"column":58},"end":{"line":148,"column":5}},"line":137},"11":{"name":"(anonymous_11)","decl":{"start":{"line":150,"column":12},"end":{"line":150,"column":13}},"loc":{"start":{"line":150,"column":57},"end":{"line":181,"column":5}},"line":150},"12":{"name":"(anonymous_12)","decl":{"start":{"line":183,"column":17},"end":{"line":183,"column":18}},"loc":{"start":{"line":183,"column":40},"end":{"line":191,"column":5}},"line":183},"13":{"name":"(anonymous_13)","decl":{"start":{"line":193,"column":17},"end":{"line":193,"column":18}},"loc":{"start":{"line":193,"column":36},"end":{"line":213,"column":5}},"line":193}},"branchMap":{"0":{"loc":{"start":{"line":23,"column":23},"end":{"line":23,"column":40}},"type":"default-arg","locations":[{"start":{"line":23,"column":36},"end":{"line":23,"column":40}}],"line":23},"1":{"loc":{"start":{"line":26,"column":8},"end":{"line":37,"column":9}},"type":"if","locations":[{"start":{"line":26,"column":8},"end":{"line":37,"column":9}},{"start":{"line":26,"column":8},"end":{"line":37,"column":9}}],"line":26},"2":{"loc":{"start":{"line":32,"column":16},"end":{"line":32,"column":45}},"type":"if","locations":[{"start":{"line":32,"column":16},"end":{"line":32,"column":45}},{"start":{"line":32,"column":16},"end":{"line":32,"column":45}}],"line":32},"3":{"loc":{"start":{"line":34,"column":16},"end":{"line":35,"column":49}},"type":"if","locations":[{"start":{"line":34,"column":16},"end":{"line":35,"column":49}},{"start":{"line":34,"column":16},"end":{"line":35,"column":49}}],"line":34},"4":{"loc":{"start":{"line":34,"column":19},"end":{"line":34,"column":63}},"type":"binary-expr","locations":[{"start":{"line":34,"column":19},"end":{"line":34,"column":35}},{"start":{"line":34,"column":39},"end":{"line":34,"column":63}}],"line":34},"5":{"loc":{"start":{"line":38,"column":8},"end":{"line":38,"column":115}},"type":"if","locations":[{"start":{"line":38,"column":8},"end":{"line":38,"column":115}},{"start":{"line":38,"column":8},"end":{"line":38,"column":115}}],"line":38},"6":{"loc":{"start":{"line":38,"column":12},"end":{"line":38,"column":52}},"type":"binary-expr","locations":[{"start":{"line":38,"column":12},"end":{"line":38,"column":33}},{"start":{"line":38,"column":37},"end":{"line":38,"column":52}}],"line":38},"7":{"loc":{"start":{"line":38,"column":81},"end":{"line":38,"column":113}},"type":"binary-expr","locations":[{"start":{"line":38,"column":82},"end":{"line":38,"column":92}},{"start":{"line":38,"column":98},"end":{"line":38,"column":112}}],"line":38},"8":{"loc":{"start":{"line":39,"column":15},"end":{"line":39,"column":155}},"type":"cond-expr","locations":[{"start":{"line":39,"column":62},"end":{"line":39,"column":111}},{"start":{"line":39,"column":114},"end":{"line":39,"column":155}}],"line":39},"9":{"loc":{"start":{"line":39,"column":16},"end":{"line":39,"column":58}},"type":"binary-expr","locations":[{"start":{"line":39,"column":16},"end":{"line":39,"column":37}},{"start":{"line":39,"column":41},"end":{"line":39,"column":58}}],"line":39},"10":{"loc":{"start":{"line":45,"column":43},"end":{"line":45,"column":60}},"type":"default-arg","locations":[{"start":{"line":45,"column":56},"end":{"line":45,"column":60}}],"line":45},"11":{"loc":{"start":{"line":48,"column":8},"end":{"line":59,"column":9}},"type":"if","locations":[{"start":{"line":48,"column":8},"end":{"line":59,"column":9}},{"start":{"line":48,"column":8},"end":{"line":59,"column":9}}],"line":48},"12":{"loc":{"start":{"line":54,"column":16},"end":{"line":54,"column":45}},"type":"if","locations":[{"start":{"line":54,"column":16},"end":{"line":54,"column":45}},{"start":{"line":54,"column":16},"end":{"line":54,"column":45}}],"line":54},"13":{"loc":{"start":{"line":60,"column":8},"end":{"line":60,"column":84}},"type":"if","locations":[{"start":{"line":60,"column":8},"end":{"line":60,"column":84}},{"start":{"line":60,"column":8},"end":{"line":60,"column":84}}],"line":60},"14":{"loc":{"start":{"line":61,"column":8},"end":{"line":61,"column":79}},"type":"if","locations":[{"start":{"line":61,"column":8},"end":{"line":61,"column":79}},{"start":{"line":61,"column":8},"end":{"line":61,"column":79}}],"line":61},"15":{"loc":{"start":{"line":62,"column":8},"end":{"line":62,"column":79}},"type":"if","locations":[{"start":{"line":62,"column":8},"end":{"line":62,"column":79}},{"start":{"line":62,"column":8},"end":{"line":62,"column":79}}],"line":62},"16":{"loc":{"start":{"line":63,"column":8},"end":{"line":63,"column":105}},"type":"if","locations":[{"start":{"line":63,"column":8},"end":{"line":63,"column":105}},{"start":{"line":63,"column":8},"end":{"line":63,"column":105}}],"line":63},"17":{"loc":{"start":{"line":69,"column":26},"end":{"line":69,"column":43}},"type":"default-arg","locations":[{"start":{"line":69,"column":39},"end":{"line":69,"column":43}}],"line":69},"18":{"loc":{"start":{"line":73,"column":8},"end":{"line":85,"column":9}},"type":"if","locations":[{"start":{"line":73,"column":8},"end":{"line":85,"column":9}},{"start":{"line":73,"column":8},"end":{"line":85,"column":9}}],"line":73},"19":{"loc":{"start":{"line":80,"column":16},"end":{"line":80,"column":45}},"type":"if","locations":[{"start":{"line":80,"column":16},"end":{"line":80,"column":45}},{"start":{"line":80,"column":16},"end":{"line":80,"column":45}}],"line":80},"20":{"loc":{"start":{"line":82,"column":16},"end":{"line":83,"column":49}},"type":"if","locations":[{"start":{"line":82,"column":16},"end":{"line":83,"column":49}},{"start":{"line":82,"column":16},"end":{"line":83,"column":49}}],"line":82},"21":{"loc":{"start":{"line":82,"column":19},"end":{"line":82,"column":63}},"type":"binary-expr","locations":[{"start":{"line":82,"column":19},"end":{"line":82,"column":35}},{"start":{"line":82,"column":39},"end":{"line":82,"column":63}}],"line":82},"22":{"loc":{"start":{"line":86,"column":8},"end":{"line":86,"column":115}},"type":"if","locations":[{"start":{"line":86,"column":8},"end":{"line":86,"column":115}},{"start":{"line":86,"column":8},"end":{"line":86,"column":115}}],"line":86},"23":{"loc":{"start":{"line":86,"column":12},"end":{"line":86,"column":52}},"type":"binary-expr","locations":[{"start":{"line":86,"column":12},"end":{"line":86,"column":33}},{"start":{"line":86,"column":37},"end":{"line":86,"column":52}}],"line":86},"24":{"loc":{"start":{"line":86,"column":81},"end":{"line":86,"column":113}},"type":"binary-expr","locations":[{"start":{"line":86,"column":82},"end":{"line":86,"column":92}},{"start":{"line":86,"column":98},"end":{"line":86,"column":112}}],"line":86},"25":{"loc":{"start":{"line":87,"column":15},"end":{"line":87,"column":155}},"type":"cond-expr","locations":[{"start":{"line":87,"column":62},"end":{"line":87,"column":111}},{"start":{"line":87,"column":114},"end":{"line":87,"column":155}}],"line":87},"26":{"loc":{"start":{"line":87,"column":16},"end":{"line":87,"column":58}},"type":"binary-expr","locations":[{"start":{"line":87,"column":16},"end":{"line":87,"column":37}},{"start":{"line":87,"column":41},"end":{"line":87,"column":58}}],"line":87},"27":{"loc":{"start":{"line":90,"column":32},"end":{"line":90,"column":49}},"type":"default-arg","locations":[{"start":{"line":90,"column":45},"end":{"line":90,"column":49}}],"line":90},"28":{"loc":{"start":{"line":94,"column":8},"end":{"line":106,"column":9}},"type":"if","locations":[{"start":{"line":94,"column":8},"end":{"line":106,"column":9}},{"start":{"line":94,"column":8},"end":{"line":106,"column":9}}],"line":94},"29":{"loc":{"start":{"line":101,"column":16},"end":{"line":101,"column":45}},"type":"if","locations":[{"start":{"line":101,"column":16},"end":{"line":101,"column":45}},{"start":{"line":101,"column":16},"end":{"line":101,"column":45}}],"line":101},"30":{"loc":{"start":{"line":103,"column":16},"end":{"line":104,"column":49}},"type":"if","locations":[{"start":{"line":103,"column":16},"end":{"line":104,"column":49}},{"start":{"line":103,"column":16},"end":{"line":104,"column":49}}],"line":103},"31":{"loc":{"start":{"line":103,"column":19},"end":{"line":103,"column":63}},"type":"binary-expr","locations":[{"start":{"line":103,"column":19},"end":{"line":103,"column":35}},{"start":{"line":103,"column":39},"end":{"line":103,"column":63}}],"line":103},"32":{"loc":{"start":{"line":107,"column":8},"end":{"line":107,"column":115}},"type":"if","locations":[{"start":{"line":107,"column":8},"end":{"line":107,"column":115}},{"start":{"line":107,"column":8},"end":{"line":107,"column":115}}],"line":107},"33":{"loc":{"start":{"line":107,"column":12},"end":{"line":107,"column":52}},"type":"binary-expr","locations":[{"start":{"line":107,"column":12},"end":{"line":107,"column":33}},{"start":{"line":107,"column":37},"end":{"line":107,"column":52}}],"line":107},"34":{"loc":{"start":{"line":107,"column":81},"end":{"line":107,"column":113}},"type":"binary-expr","locations":[{"start":{"line":107,"column":82},"end":{"line":107,"column":92}},{"start":{"line":107,"column":98},"end":{"line":107,"column":112}}],"line":107},"35":{"loc":{"start":{"line":109,"column":8},"end":{"line":115,"column":9}},"type":"if","locations":[{"start":{"line":109,"column":8},"end":{"line":115,"column":9}},{"start":{"line":109,"column":8},"end":{"line":115,"column":9}}],"line":109},"36":{"loc":{"start":{"line":109,"column":11},"end":{"line":109,"column":53}},"type":"binary-expr","locations":[{"start":{"line":109,"column":11},"end":{"line":109,"column":32}},{"start":{"line":109,"column":36},"end":{"line":109,"column":53}}],"line":109},"37":{"loc":{"start":{"line":124,"column":12},"end":{"line":125,"column":41}},"type":"if","locations":[{"start":{"line":124,"column":12},"end":{"line":125,"column":41}},{"start":{"line":124,"column":12},"end":{"line":125,"column":41}}],"line":124},"38":{"loc":{"start":{"line":156,"column":16},"end":{"line":156,"column":42}},"type":"if","locations":[{"start":{"line":156,"column":16},"end":{"line":156,"column":42}},{"start":{"line":156,"column":16},"end":{"line":156,"column":42}}],"line":156},"39":{"loc":{"start":{"line":160,"column":12},"end":{"line":171,"column":67}},"type":"if","locations":[{"start":{"line":160,"column":12},"end":{"line":171,"column":67}},{"start":{"line":160,"column":12},"end":{"line":171,"column":67}}],"line":160},"40":{"loc":{"start":{"line":166,"column":20},"end":{"line":166,"column":49}},"type":"if","locations":[{"start":{"line":166,"column":20},"end":{"line":166,"column":49}},{"start":{"line":166,"column":20},"end":{"line":166,"column":49}}],"line":166}},"s":{"0":4,"1":4,"2":4,"3":4,"4":4,"5":0,"6":3,"7":3,"8":3,"9":1,"10":1,"11":1,"12":1,"13":1,"14":1,"15":0,"16":1,"17":1,"18":1,"19":0,"20":3,"21":1,"22":1,"23":3,"24":1,"25":1,"26":1,"27":0,"28":0,"29":0,"30":0,"31":0,"32":0,"33":0,"34":0,"35":0,"36":1,"37":0,"38":1,"39":0,"40":1,"41":0,"42":1,"43":0,"44":1,"45":1,"46":4,"47":4,"48":4,"49":4,"50":4,"51":4,"52":4,"53":4,"54":4,"55":4,"56":4,"57":0,"58":4,"59":4,"60":1,"61":3,"62":4,"63":4,"64":4,"65":4,"66":1,"67":1,"68":1,"69":1,"70":1,"71":1,"72":1,"73":1,"74":1,"75":1,"76":1,"77":0,"78":1,"79":1,"80":1,"81":0,"82":1,"83":1,"84":1,"85":1,"86":1,"87":0,"88":0,"89":1,"90":1,"91":3,"92":3,"93":3,"94":3,"95":15,"96":3,"97":12,"98":3,"99":3,"100":0,"101":3,"102":3,"103":0,"104":0,"105":0,"106":0,"107":0,"108":0,"109":0,"110":0,"111":0,"112":0,"113":0,"114":0,"115":0,"116":0,"117":0,"118":0,"119":0,"120":0,"121":0,"122":0,"123":0,"124":0,"125":0,"126":0,"127":0,"128":0,"129":0,"130":0,"131":0,"132":0,"133":0,"134":0,"135":0,"136":0,"137":0,"138":0,"139":0,"140":0,"141":0,"142":0,"143":0,"144":0,"145":0,"146":0,"147":0,"148":0,"149":0,"150":0,"151":0},"f":{"0":4,"1":0,"2":3,"3":1,"4":1,"5":4,"6":4,"7":1,"8":1,"9":3,"10":0,"11":0,"12":0,"13":0},"b":{"0":[2],"1":[1,2],"2":[0,1],"3":[1,0],"4":[1,0],"5":[1,2],"6":[3,1],"7":[1,0],"8":[0,3],"9":[3,1],"10":[1],"11":[0,1],"12":[0,0],"13":[0,1],"14":[0,1],"15":[0,1],"16":[0,1],"17":[0],"18":[4,0],"19":[0,4],"20":[1,3],"21":[4,3],"22":[4,0],"23":[4,4],"24":[4,3],"25":[3,1],"26":[4,4],"27":[0],"28":[1,0],"29":[0,1],"30":[1,0],"31":[1,0],"32":[1,0],"33":[1,1],"34":[1,0],"35":[0,1],"36":[1,1],"37":[3,12],"38":[0,0],"39":[0,0],"40":[0,0]},"_coverageSchema":"43e27e138ebf9cfc5966b082cf9a028302ed4184","hash":"3d2f44fb11023933df51e6f572bb5cd4756824f4"}
,"/media/adesuwa/Files/WebDev_Projects/APIs/ecommerce-api/bin/www.js": {"path":"/media/adesuwa/Files/WebDev_Projects/APIs/ecommerce-api/bin/www.js","statementMap":{"0":{"start":{"line":1,"column":14},"end":{"line":1,"column":31}},"1":{"start":{"line":2,"column":20},"end":{"line":2,"column":37}},"2":{"start":{"line":3,"column":13},"end":{"line":3,"column":28}},"3":{"start":{"line":5,"column":0},"end":{"line":5,"column":62}},"4":{"start":{"line":7,"column":13},"end":{"line":7,"column":37}},"5":{"start":{"line":8,"column":0},"end":{"line":8,"column":22}},"6":{"start":{"line":10,"column":17},"end":{"line":10,"column":39}},"7":{"start":{"line":12,"column":0},"end":{"line":19,"column":1}},"8":{"start":{"line":13,"column":4},"end":{"line":13,"column":43}},"9":{"start":{"line":15,"column":4},"end":{"line":15,"column":28}},"10":{"start":{"line":17,"column":4},"end":{"line":17,"column":32}},"11":{"start":{"line":21,"column":4},"end":{"line":21,"column":40}},"12":{"start":{"line":22,"column":4},"end":{"line":22,"column":36}},"13":{"start":{"line":23,"column":4},"end":{"line":23,"column":23}},"14":{"start":{"line":24,"column":4},"end":{"line":24,"column":20}},"15":{"start":{"line":27,"column":0},"end":{"line":27,"column":28}}},"fnMap":{"0":{"name":"shutdown","decl":{"start":{"line":20,"column":9},"end":{"line":20,"column":17}},"loc":{"start":{"line":20,"column":20},"end":{"line":25,"column":1}},"line":20}},"branchMap":{"0":{"loc":{"start":{"line":7,"column":13},"end":{"line":7,"column":37}},"type":"binary-expr","locations":[{"start":{"line":7,"column":13},"end":{"line":7,"column":29}},{"start":{"line":7,"column":33},"end":{"line":7,"column":37}}],"line":7},"1":{"loc":{"start":{"line":12,"column":0},"end":{"line":19,"column":1}},"type":"if","locations":[{"start":{"line":12,"column":0},"end":{"line":19,"column":1}},{"start":{"line":12,"column":0},"end":{"line":19,"column":1}}],"line":12},"2":{"loc":{"start":{"line":12,"column":3},"end":{"line":12,"column":70}},"type":"binary-expr","locations":[{"start":{"line":12,"column":3},"end":{"line":12,"column":34}},{"start":{"line":12,"column":38},"end":{"line":12,"column":70}}],"line":12}},"s":{"0":3,"1":3,"2":3,"3":3,"4":3,"5":3,"6":3,"7":3,"8":0,"9":0,"10":0,"11":0,"12":0,"13":0,"14":0,"15":3},"f":{"0":0},"b":{"0":[3,3],"1":[0,3],"2":[3,0]},"_coverageSchema":"43e27e138ebf9cfc5966b082cf9a028302ed4184","hash":"7df299137de42a1ad1a0991665df0f5c4b62b5c0"}
,"/media/adesuwa/Files/WebDev_Projects/APIs/ecommerce-api/components/auth/ctrl.auth.js": {"path":"/media/adesuwa/Files/WebDev_Projects/APIs/ecommerce-api/components/auth/ctrl.auth.js","statementMap":{"0":{"start":{"line":1,"column":18},"end":{"line":1,"column":41}},"1":{"start":{"line":3,"column":0},"end":{"line":25,"column":1}},"2":{"start":{"line":5,"column":8},"end":{"line":11,"column":9}},"3":{"start":{"line":6,"column":12},"end":{"line":6,"column":45}},"4":{"start":{"line":7,"column":12},"end":{"line":7,"column":66}},"5":{"start":{"line":9,"column":12},"end":{"line":9,"column":27}},"6":{"start":{"line":10,"column":12},"end":{"line":10,"column":40}},"7":{"start":{"line":14,"column":8},"end":{"line":14,"column":115}},"8":{"start":{"line":17,"column":8},"end":{"line":17,"column":48}},"9":{"start":{"line":18,"column":8},"end":{"line":18,"column":27}},"10":{"start":{"line":19,"column":8},"end":{"line":19,"column":35}},"11":{"start":{"line":22,"column":8},"end":{"line":22,"column":31}},"12":{"start":{"line":23,"column":8},"end":{"line":23,"column":28}}},"fnMap":{"0":{"name":"(anonymous_0)","decl":{"start":{"line":4,"column":12},"end":{"line":4,"column":13}},"loc":{"start":{"line":4,"column":31},"end":{"line":12,"column":5}},"line":4},"1":{"name":"(anonymous_1)","decl":{"start":{"line":13,"column":11},"end":{"line":13,"column":12}},"loc":{"start":{"line":13,"column":30},"end":{"line":15,"column":5}},"line":13},"2":{"name":"(anonymous_2)","decl":{"start":{"line":16,"column":12},"end":{"line":16,"column":13}},"loc":{"start":{"line":16,"column":31},"end":{"line":20,"column":5}},"line":16},"3":{"name":"(anonymous_3)","decl":{"start":{"line":21,"column":20},"end":{"line":21,"column":21}},"loc":{"start":{"line":21,"column":39},"end":{"line":24,"column":5}},"line":21}},"branchMap":{},"s":{"0":3,"1":3,"2":3,"3":3,"4":0,"5":3,"6":3,"7":0,"8":0,"9":0,"10":0,"11":0,"12":0},"f":{"0":3,"1":0,"2":0,"3":0},"b":{},"_coverageSchema":"43e27e138ebf9cfc5966b082cf9a028302ed4184","hash":"a684789ae65a165a707d769d7afe9326e12fe2f5"}
,"/media/adesuwa/Files/WebDev_Projects/APIs/ecommerce-api/components/auth/ctrl.user.js": {"path":"/media/adesuwa/Files/WebDev_Projects/APIs/ecommerce-api/components/auth/ctrl.user.js","statementMap":{"0":{"start":{"line":1,"column":18},"end":{"line":1,"column":41}},"1":{"start":{"line":2,"column":20},"end":{"line":2,"column":56}},"2":{"start":{"line":4,"column":0},"end":{"line":14,"column":1}},"3":{"start":{"line":6,"column":8},"end":{"line":6,"column":77}},"4":{"start":{"line":10,"column":23},"end":{"line":10,"column":106}},"5":{"start":{"line":12,"column":12},"end":{"line":12,"column":47}}},"fnMap":{"0":{"name":"(anonymous_0)","decl":{"start":{"line":5,"column":21},"end":{"line":5,"column":22}},"loc":{"start":{"line":5,"column":40},"end":{"line":13,"column":5}},"line":5}},"branchMap":{},"s":{"0":3,"1":3,"2":3,"3":0,"4":0,"5":0},"f":{"0":0},"b":{},"_coverageSchema":"43e27e138ebf9cfc5966b082cf9a028302ed4184","hash":"6d498022d1a55b1b24a08e656f5ecb52339a0b40"}
,"/media/adesuwa/Files/WebDev_Projects/APIs/ecommerce-api/components/auth/model.user.js": {"path":"/media/adesuwa/Files/WebDev_Projects/APIs/ecommerce-api/components/auth/model.user.js","statementMap":{"0":{"start":{"line":1,"column":11},"end":{"line":1,"column":40}},"1":{"start":{"line":2,"column":15},"end":{"line":2,"column":37}},"2":{"start":{"line":3,"column":15},"end":{"line":3,"column":44}},"3":{"start":{"line":5,"column":0},"end":{"line":25,"column":1}},"4":{"start":{"line":7,"column":23},"end":{"line":7,"column":53}},"5":{"start":{"line":8,"column":8},"end":{"line":8,"column":183}},"6":{"start":{"line":11,"column":8},"end":{"line":16,"column":9}},"7":{"start":{"line":12,"column":23},"end":{"line":12,"column":136}},"8":{"start":{"line":13,"column":12},"end":{"line":13,"column":32}},"9":{"start":{"line":15,"column":12},"end":{"line":15,"column":20}},"10":{"start":{"line":22,"column":8},"end":{"line":22,"column":46}},"11":{"start":{"line":23,"column":8},"end":{"line":23,"column":69}}},"fnMap":{"0":{"name":"(anonymous_0)","decl":{"start":{"line":6,"column":12},"end":{"line":6,"column":13}},"loc":{"start":{"line":6,"column":28},"end":{"line":9,"column":5}},"line":6},"1":{"name":"(anonymous_1)","decl":{"start":{"line":10,"column":14},"end":{"line":10,"column":15}},"loc":{"start":{"line":10,"column":29},"end":{"line":17,"column":5}},"line":10},"2":{"name":"(anonymous_2)","decl":{"start":{"line":21,"column":20},"end":{"line":21,"column":21}},"loc":{"start":{"line":21,"column":46},"end":{"line":24,"column":5}},"line":21}},"branchMap":{"0":{"loc":{"start":{"line":12,"column":23},"end":{"line":12,"column":136}},"type":"cond-expr","locations":[{"start":{"line":12,"column":35},"end":{"line":12,"column":82}},{"start":{"line":12,"column":85},"end":{"line":12,"column":136}}],"line":12},"1":{"loc":{"start":{"line":21,"column":26},"end":{"line":21,"column":41}},"type":"default-arg","locations":[{"start":{"line":21,"column":37},"end":{"line":21,"column":41}}],"line":21}},"s":{"0":4,"1":4,"2":4,"3":4,"4":4,"5":4,"6":3,"7":3,"8":0,"9":3,"10":1,"11":1},"f":{"0":4,"1":3,"2":1},"b":{"0":[0,3],"1":[0]},"_coverageSchema":"43e27e138ebf9cfc5966b082cf9a028302ed4184","hash":"9a7ae323eb7b990ac1ad6d9204d254a109e9eb71"}
,"/media/adesuwa/Files/WebDev_Projects/APIs/ecommerce-api/components/products/ctrl.product.js": {"path":"/media/adesuwa/Files/WebDev_Projects/APIs/ecommerce-api/components/products/ctrl.product.js","statementMap":{"0":{"start":{"line":1,"column":16},"end":{"line":1,"column":42}},"1":{"start":{"line":2,"column":26},"end":{"line":2,"column":73}},"2":{"start":{"line":3,"column":13},"end":{"line":3,"column":42}},"3":{"start":{"line":5,"column":0},"end":{"line":47,"column":1}},"4":{"start":{"line":9,"column":8},"end":{"line":12,"column":40}},"5":{"start":{"line":10,"column":25},"end":{"line":10,"column":80}},"6":{"start":{"line":11,"column":12},"end":{"line":11,"column":50}},"7":{"start":{"line":12,"column":15},"end":{"line":12,"column":40}},"8":{"start":{"line":14,"column":22},"end":{"line":14,"column":78}},"9":{"start":{"line":15,"column":8},"end":{"line":15,"column":36}},"10":{"start":{"line":19,"column":8},"end":{"line":27,"column":47}},"11":{"start":{"line":21,"column":23},"end":{"line":21,"column":32}},"12":{"start":{"line":22,"column":12},"end":{"line":25,"column":13}},"13":{"start":{"line":23,"column":16},"end":{"line":23,"column":39}},"14":{"start":{"line":24,"column":16},"end":{"line":24,"column":39}},"15":{"start":{"line":26,"column":12},"end":{"line":26,"column":52}},"16":{"start":{"line":27,"column":15},"end":{"line":27,"column":47}},"17":{"start":{"line":28,"column":8},"end":{"line":28,"column":30}},"18":{"start":{"line":29,"column":8},"end":{"line":29,"column":37}},"19":{"start":{"line":38,"column":26},"end":{"line":38,"column":42}}},"fnMap":{"0":{"name":"(anonymous_0)","decl":{"start":{"line":6,"column":12},"end":{"line":6,"column":13}},"loc":{"start":{"line":6,"column":31},"end":{"line":16,"column":5}},"line":6},"1":{"name":"(anonymous_1)","decl":{"start":{"line":17,"column":10},"end":{"line":17,"column":11}},"loc":{"start":{"line":17,"column":29},"end":{"line":30,"column":5}},"line":17},"2":{"name":"(anonymous_2)","decl":{"start":{"line":31,"column":10},"end":{"line":31,"column":11}},"loc":{"start":{"line":31,"column":29},"end":{"line":33,"column":5}},"line":31},"3":{"name":"(anonymous_3)","decl":{"start":{"line":34,"column":18},"end":{"line":34,"column":19}},"loc":{"start":{"line":34,"column":36},"end":{"line":36,"column":5}},"line":34},"4":{"name":"(anonymous_4)","decl":{"start":{"line":37,"column":12},"end":{"line":37,"column":13}},"loc":{"start":{"line":37,"column":31},"end":{"line":43,"column":5}},"line":37},"5":{"name":"(anonymous_5)","decl":{"start":{"line":44,"column":12},"end":{"line":44,"column":13}},"loc":{"start":{"line":44,"column":30},"end":{"line":46,"column":5}},"line":44}},"branchMap":{"0":{"loc":{"start":{"line":9,"column":8},"end":{"line":12,"column":40}},"type":"if","locations":[{"start":{"line":9,"column":8},"end":{"line":12,"column":40}},{"start":{"line":9,"column":8},"end":{"line":12,"column":40}}],"line":9},"1":{"loc":{"start":{"line":19,"column":8},"end":{"line":27,"column":47}},"type":"if","locations":[{"start":{"line":19,"column":8},"end":{"line":27,"column":47}},{"start":{"line":19,"column":8},"end":{"line":27,"column":47}}],"line":19},"2":{"loc":{"start":{"line":22,"column":12},"end":{"line":25,"column":13}},"type":"if","locations":[{"start":{"line":22,"column":12},"end":{"line":25,"column":13}},{"start":{"line":22,"column":12},"end":{"line":25,"column":13}}],"line":22}},"s":{"0":3,"1":3,"2":3,"3":3,"4":0,"5":0,"6":0,"7":0,"8":0,"9":0,"10":1,"11":1,"12":1,"13":0,"14":0,"15":1,"16":0,"17":0,"18":0,"19":0},"f":{"0":0,"1":1,"2":0,"3":0,"4":0,"5":0},"b":{"0":[0,0],"1":[1,0],"2":[0,1]},"_coverageSchema":"43e27e138ebf9cfc5966b082cf9a028302ed4184","hash":"3cc309e361c0975dd897bf805219b2e96d4a0fb5"}
,"/media/adesuwa/Files/WebDev_Projects/APIs/ecommerce-api/components/products/model.product.js": {"path":"/media/adesuwa/Files/WebDev_Projects/APIs/ecommerce-api/components/products/model.product.js","statementMap":{"0":{"start":{"line":1,"column":11},"end":{"line":1,"column":40}},"1":{"start":{"line":3,"column":26},"end":{"line":3,"column":36}},"2":{"start":{"line":4,"column":29},"end":{"line":4,"column":41}},"3":{"start":{"line":6,"column":0},"end":{"line":98,"column":1}},"4":{"start":{"line":8,"column":8},"end":{"line":8,"column":81}},"5":{"start":{"line":8,"column":39},"end":{"line":8,"column":81}},"6":{"start":{"line":9,"column":8},"end":{"line":9,"column":66}},"7":{"start":{"line":9,"column":27},"end":{"line":9,"column":66}},"8":{"start":{"line":11,"column":24},"end":{"line":17,"column":25}},"9":{"start":{"line":19,"column":21},"end":{"line":24,"column":25}},"10":{"start":{"line":26,"column":8},"end":{"line":26,"column":75}},"11":{"start":{"line":26,"column":48},"end":{"line":26,"column":75}},"12":{"start":{"line":28,"column":8},"end":{"line":28,"column":74}},"13":{"start":{"line":31,"column":23},"end":{"line":31,"column":58}},"14":{"start":{"line":32,"column":8},"end":{"line":32,"column":29}},"15":{"start":{"line":38,"column":23},"end":{"line":38,"column":68}},"16":{"start":{"line":39,"column":8},"end":{"line":39,"column":29}},"17":{"start":{"line":42,"column":8},"end":{"line":42,"column":38}},"18":{"start":{"line":43,"column":24},"end":{"line":43,"column":219}},"19":{"start":{"line":45,"column":21},"end":{"line":49,"column":25}},"20":{"start":{"line":50,"column":8},"end":{"line":50,"column":75}},"21":{"start":{"line":50,"column":48},"end":{"line":50,"column":75}},"22":{"start":{"line":51,"column":8},"end":{"line":51,"column":118}},"23":{"start":{"line":54,"column":22},"end":{"line":54,"column":39}},"24":{"start":{"line":55,"column":21},"end":{"line":55,"column":40}},"25":{"start":{"line":56,"column":8},"end":{"line":56,"column":54}},"26":{"start":{"line":60,"column":8},"end":{"line":94,"column":9}},"27":{"start":{"line":61,"column":12},"end":{"line":61,"column":57}},"28":{"start":{"line":62,"column":15},"end":{"line":94,"column":9}},"29":{"start":{"line":64,"column":15},"end":{"line":94,"column":9}},"30":{"start":{"line":65,"column":12},"end":{"line":90,"column":15}},"31":{"start":{"line":66,"column":31},"end":{"line":66,"column":41}},"32":{"start":{"line":67,"column":33},"end":{"line":71,"column":34}},"33":{"start":{"line":72,"column":16},"end":{"line":82,"column":17}},"34":{"start":{"line":73,"column":44},"end":{"line":73,"column":145}},"35":{"start":{"line":76,"column":38},"end":{"line":76,"column":89}},"36":{"start":{"line":76,"column":59},"end":{"line":76,"column":88}},"37":{"start":{"line":77,"column":24},"end":{"line":77,"column":55}},"38":{"start":{"line":77,"column":41},"end":{"line":77,"column":55}},"39":{"start":{"line":79,"column":20},"end":{"line":81,"column":23}},"40":{"start":{"line":80,"column":24},"end":{"line":80,"column":60}},"41":{"start":{"line":84,"column":33},"end":{"line":84,"column":59}},"42":{"start":{"line":84,"column":74},"end":{"line":84,"column":100}},"43":{"start":{"line":85,"column":20},"end":{"line":87,"column":34}},"44":{"start":{"line":85,"column":40},"end":{"line":85,"column":49}},"45":{"start":{"line":86,"column":25},"end":{"line":87,"column":34}},"46":{"start":{"line":86,"column":46},"end":{"line":86,"column":56}},"47":{"start":{"line":87,"column":25},"end":{"line":87,"column":34}},"48":{"start":{"line":89,"column":16},"end":{"line":89,"column":65}},"49":{"start":{"line":91,"column":12},"end":{"line":91,"column":35}},"50":{"start":{"line":93,"column":12},"end":{"line":93,"column":59}},"51":{"start":{"line":96,"column":8},"end":{"line":96,"column":28}}},"fnMap":{"0":{"name":"(anonymous_0)","decl":{"start":{"line":7,"column":12},"end":{"line":7,"column":13}},"loc":{"start":{"line":7,"column":28},"end":{"line":29,"column":5}},"line":7},"1":{"name":"(anonymous_1)","decl":{"start":{"line":30,"column":10},"end":{"line":30,"column":11}},"loc":{"start":{"line":30,"column":22},"end":{"line":33,"column":5}},"line":30},"2":{"name":"(anonymous_2)","decl":{"start":{"line":37,"column":14},"end":{"line":37,"column":15}},"loc":{"start":{"line":37,"column":29},"end":{"line":40,"column":5}},"line":37},"3":{"name":"(anonymous_3)","decl":{"start":{"line":41,"column":12},"end":{"line":41,"column":13}},"loc":{"start":{"line":41,"column":27},"end":{"line":52,"column":5}},"line":41},"4":{"name":"(anonymous_4)","decl":{"start":{"line":53,"column":20},"end":{"line":53,"column":21}},"loc":{"start":{"line":53,"column":35},"end":{"line":57,"column":5}},"line":53},"5":{"name":"(anonymous_5)","decl":{"start":{"line":58,"column":20},"end":{"line":58,"column":21}},"loc":{"start":{"line":58,"column":50},"end":{"line":97,"column":5}},"line":58},"6":{"name":"(anonymous_6)","decl":{"start":{"line":65,"column":43},"end":{"line":65,"column":44}},"loc":{"start":{"line":65,"column":59},"end":{"line":90,"column":13}},"line":65},"7":{"name":"pushToArray","decl":{"start":{"line":75,"column":29},"end":{"line":75,"column":40}},"loc":{"start":{"line":75,"column":51},"end":{"line":78,"column":21}},"line":75},"8":{"name":"(anonymous_8)","decl":{"start":{"line":76,"column":52},"end":{"line":76,"column":53}},"loc":{"start":{"line":76,"column":59},"end":{"line":76,"column":88}},"line":76},"9":{"name":"(anonymous_9)","decl":{"start":{"line":79,"column":51},"end":{"line":79,"column":52}},"loc":{"start":{"line":79,"column":62},"end":{"line":81,"column":21}},"line":79},"10":{"name":"comparethumbs","decl":{"start":{"line":83,"column":25},"end":{"line":83,"column":38}},"loc":{"start":{"line":83,"column":45},"end":{"line":88,"column":17}},"line":83}},"branchMap":{"0":{"loc":{"start":{"line":8,"column":8},"end":{"line":8,"column":81}},"type":"if","locations":[{"start":{"line":8,"column":8},"end":{"line":8,"column":81}},{"start":{"line":8,"column":8},"end":{"line":8,"column":81}}],"line":8},"1":{"loc":{"start":{"line":8,"column":11},"end":{"line":8,"column":36}},"type":"binary-expr","locations":[{"start":{"line":8,"column":11},"end":{"line":8,"column":21}},{"start":{"line":8,"column":25},"end":{"line":8,"column":36}}],"line":8},"2":{"loc":{"start":{"line":9,"column":8},"end":{"line":9,"column":66}},"type":"if","locations":[{"start":{"line":9,"column":8},"end":{"line":9,"column":66}},{"start":{"line":9,"column":8},"end":{"line":9,"column":66}}],"line":9},"3":{"loc":{"start":{"line":12,"column":12},"end":{"line":12,"column":39}},"type":"binary-expr","locations":[{"start":{"line":12,"column":12},"end":{"line":12,"column":25}},{"start":{"line":12,"column":29},"end":{"line":12,"column":39}}],"line":12},"4":{"loc":{"start":{"line":13,"column":12},"end":{"line":13,"column":48}},"type":"binary-expr","locations":[{"start":{"line":13,"column":13},"end":{"line":13,"column":22}},{"start":{"line":13,"column":26},"end":{"line":13,"column":36}},{"start":{"line":13,"column":41},"end":{"line":13,"column":48}}],"line":13},"5":{"loc":{"start":{"line":14,"column":12},"end":{"line":14,"column":33}},"type":"binary-expr","locations":[{"start":{"line":14,"column":12},"end":{"line":14,"column":22}},{"start":{"line":14,"column":26},"end":{"line":14,"column":33}}],"line":14},"6":{"loc":{"start":{"line":14,"column":35},"end":{"line":14,"column":56}},"type":"binary-expr","locations":[{"start":{"line":14,"column":35},"end":{"line":14,"column":45}},{"start":{"line":14,"column":49},"end":{"line":14,"column":56}}],"line":14},"7":{"loc":{"start":{"line":15,"column":12},"end":{"line":15,"column":37}},"type":"binary-expr","locations":[{"start":{"line":15,"column":12},"end":{"line":15,"column":24}},{"start":{"line":15,"column":28},"end":{"line":15,"column":37}}],"line":15},"8":{"loc":{"start":{"line":15,"column":39},"end":{"line":15,"column":70}},"type":"binary-expr","locations":[{"start":{"line":15,"column":39},"end":{"line":15,"column":54}},{"start":{"line":15,"column":58},"end":{"line":15,"column":70}}],"line":15},"9":{"loc":{"start":{"line":16,"column":12},"end":{"line":16,"column":62}},"type":"binary-expr","locations":[{"start":{"line":16,"column":13},"end":{"line":16,"column":47}},{"start":{"line":16,"column":52},"end":{"line":16,"column":62}}],"line":16},"10":{"loc":{"start":{"line":20,"column":12},"end":{"line":20,"column":42}},"type":"binary-expr","locations":[{"start":{"line":20,"column":12},"end":{"line":20,"column":25}},{"start":{"line":20,"column":29},"end":{"line":20,"column":42}}],"line":20},"11":{"loc":{"start":{"line":21,"column":12},"end":{"line":21,"column":83}},"type":"binary-expr","locations":[{"start":{"line":21,"column":13},"end":{"line":21,"column":22}},{"start":{"line":21,"column":26},"end":{"line":21,"column":52}},{"start":{"line":21,"column":58},"end":{"line":21,"column":68}},{"start":{"line":21,"column":72},"end":{"line":21,"column":82}}],"line":21},"12":{"loc":{"start":{"line":21,"column":85},"end":{"line":21,"column":125}},"type":"binary-expr","locations":[{"start":{"line":21,"column":85},"end":{"line":21,"column":95}},{"start":{"line":21,"column":99},"end":{"line":21,"column":125}}],"line":21},"13":{"loc":{"start":{"line":22,"column":12},"end":{"line":22,"column":53}},"type":"binary-expr","locations":[{"start":{"line":22,"column":12},"end":{"line":22,"column":22}},{"start":{"line":22,"column":26},"end":{"line":22,"column":53}}],"line":22},"14":{"loc":{"start":{"line":22,"column":55},"end":{"line":22,"column":83}},"type":"binary-expr","locations":[{"start":{"line":22,"column":55},"end":{"line":22,"column":67}},{"start":{"line":22,"column":71},"end":{"line":22,"column":83}}],"line":22},"15":{"loc":{"start":{"line":23,"column":12},"end":{"line":23,"column":46}},"type":"binary-expr","locations":[{"start":{"line":23,"column":12},"end":{"line":23,"column":27}},{"start":{"line":23,"column":31},"end":{"line":23,"column":46}}],"line":23},"16":{"loc":{"start":{"line":26,"column":8},"end":{"line":26,"column":75}},"type":"if","locations":[{"start":{"line":26,"column":8},"end":{"line":26,"column":75}},{"start":{"line":26,"column":8},"end":{"line":26,"column":75}}],"line":26},"17":{"loc":{"start":{"line":43,"column":25},"end":{"line":43,"column":44}},"type":"binary-expr","locations":[{"start":{"line":43,"column":25},"end":{"line":43,"column":34}},{"start":{"line":43,"column":38},"end":{"line":43,"column":44}}],"line":43},"18":{"loc":{"start":{"line":43,"column":46},"end":{"line":43,"column":67}},"type":"binary-expr","locations":[{"start":{"line":43,"column":46},"end":{"line":43,"column":56}},{"start":{"line":43,"column":60},"end":{"line":43,"column":67}}],"line":43},"19":{"loc":{"start":{"line":43,"column":69},"end":{"line":43,"column":90}},"type":"binary-expr","locations":[{"start":{"line":43,"column":69},"end":{"line":43,"column":79}},{"start":{"line":43,"column":83},"end":{"line":43,"column":90}}],"line":43},"20":{"loc":{"start":{"line":43,"column":92},"end":{"line":43,"column":117}},"type":"binary-expr","locations":[{"start":{"line":43,"column":92},"end":{"line":43,"column":104}},{"start":{"line":43,"column":108},"end":{"line":43,"column":117}}],"line":43},"21":{"loc":{"start":{"line":43,"column":119},"end":{"line":43,"column":150}},"type":"binary-expr","locations":[{"start":{"line":43,"column":119},"end":{"line":43,"column":134}},{"start":{"line":43,"column":138},"end":{"line":43,"column":150}}],"line":43},"22":{"loc":{"start":{"line":43,"column":152},"end":{"line":43,"column":202}},"type":"binary-expr","locations":[{"start":{"line":43,"column":153},"end":{"line":43,"column":187}},{"start":{"line":43,"column":192},"end":{"line":43,"column":202}}],"line":43},"23":{"loc":{"start":{"line":46,"column":12},"end":{"line":46,"column":51}},"type":"binary-expr","locations":[{"start":{"line":46,"column":12},"end":{"line":46,"column":21}},{"start":{"line":46,"column":25},"end":{"line":46,"column":51}}],"line":46},"24":{"loc":{"start":{"line":46,"column":53},"end":{"line":46,"column":93}},"type":"binary-expr","locations":[{"start":{"line":46,"column":53},"end":{"line":46,"column":63}},{"start":{"line":46,"column":67},"end":{"line":46,"column":93}}],"line":46},"25":{"loc":{"start":{"line":47,"column":12},"end":{"line":47,"column":53}},"type":"binary-expr","locations":[{"start":{"line":47,"column":12},"end":{"line":47,"column":22}},{"start":{"line":47,"column":26},"end":{"line":47,"column":53}}],"line":47},"26":{"loc":{"start":{"line":47,"column":55},"end":{"line":47,"column":83}},"type":"binary-expr","locations":[{"start":{"line":47,"column":55},"end":{"line":47,"column":67}},{"start":{"line":47,"column":71},"end":{"line":47,"column":83}}],"line":47},"27":{"loc":{"start":{"line":48,"column":12},"end":{"line":48,"column":46}},"type":"binary-expr","locations":[{"start":{"line":48,"column":12},"end":{"line":48,"column":27}},{"start":{"line":48,"column":31},"end":{"line":48,"column":46}}],"line":48},"28":{"loc":{"start":{"line":50,"column":8},"end":{"line":50,"column":75}},"type":"if","locations":[{"start":{"line":50,"column":8},"end":{"line":50,"column":75}},{"start":{"line":50,"column":8},"end":{"line":50,"column":75}}],"line":50},"29":{"loc":{"start":{"line":58,"column":34},"end":{"line":58,"column":45}},"type":"default-arg","locations":[{"start":{"line":58,"column":41},"end":{"line":58,"column":45}}],"line":58},"30":{"loc":{"start":{"line":60,"column":8},"end":{"line":94,"column":9}},"type":"if","locations":[{"start":{"line":60,"column":8},"end":{"line":94,"column":9}},{"start":{"line":60,"column":8},"end":{"line":94,"column":9}}],"line":60},"31":{"loc":{"start":{"line":62,"column":15},"end":{"line":94,"column":9}},"type":"if","locations":[{"start":{"line":62,"column":15},"end":{"line":94,"column":9}},{"start":{"line":62,"column":15},"end":{"line":94,"column":9}}],"line":62},"32":{"loc":{"start":{"line":64,"column":15},"end":{"line":94,"column":9}},"type":"if","locations":[{"start":{"line":64,"column":15},"end":{"line":94,"column":9}},{"start":{"line":64,"column":15},"end":{"line":94,"column":9}}],"line":64},"33":{"loc":{"start":{"line":77,"column":24},"end":{"line":77,"column":55}},"type":"if","locations":[{"start":{"line":77,"column":24},"end":{"line":77,"column":55}},{"start":{"line":77,"column":24},"end":{"line":77,"column":55}}],"line":77},"34":{"loc":{"start":{"line":85,"column":20},"end":{"line":87,"column":34}},"type":"if","locations":[{"start":{"line":85,"column":20},"end":{"line":87,"column":34}},{"start":{"line":85,"column":20},"end":{"line":87,"column":34}}],"line":85},"35":{"loc":{"start":{"line":86,"column":25},"end":{"line":87,"column":34}},"type":"if","locations":[{"start":{"line":86,"column":25},"end":{"line":87,"column":34}},{"start":{"line":86,"column":25},"end":{"line":87,"column":34}}],"line":86}},"s":{"0":4,"1":4,"2":4,"3":4,"4":2,"5":0,"6":2,"7":1,"8":1,"9":1,"10":1,"11":0,"12":1,"13":1,"14":0,"15":1,"16":0,"17":2,"18":2,"19":2,"20":2,"21":2,"22":2,"23":0,"24":0,"25":0,"26":0,"27":0,"28":0,"29":0,"30":0,"31":0,"32":0,"33":0,"34":0,"35":0,"36":0,"37":0,"38":0,"39":0,"40":0,"41":0,"42":0,"43":0,"44":0,"45":0,"46":0,"47":0,"48":0,"49":0,"50":0,"51":0},"f":{"0":2,"1":1,"2":1,"3":2,"4":0,"5":0,"6":0,"7":0,"8":0,"9":0,"10":0},"b":{"0":[0,2],"1":[2,2],"2":[1,1],"3":[1,1],"4":[1,1,1],"5":[1,0],"6":[1,0],"7":[1,0],"8":[1,0],"9":[1,0],"10":[1,1],"11":[1,0,1,1],"12":[1,0],"13":[1,0],"14":[1,0],"15":[1,0],"16":[0,1],"17":[2,2],"18":[2,0],"19":[2,0],"20":[2,0],"21":[2,0],"22":[2,2],"23":[2,2],"24":[2,0],"25":[2,0],"26":[2,0],"27":[2,0],"28":[2,0],"29":[0],"30":[0,0],"31":[0,0],"32":[0,0],"33":[0,0],"34":[0,0],"35":[0,0]},"_coverageSchema":"43e27e138ebf9cfc5966b082cf9a028302ed4184","hash":"571518cb446100c6637bef609c086c4dee2900d0"}
,"/media/adesuwa/Files/WebDev_Projects/APIs/ecommerce-api/components/products/services/findorCreateExistingStore.js": {"path":"/media/adesuwa/Files/WebDev_Projects/APIs/ecommerce-api/components/products/services/findorCreateExistingStore.js","statementMap":{"0":{"start":{"line":1,"column":15},"end":{"line":1,"column":50}},"1":{"start":{"line":3,"column":0},"end":{"line":14,"column":1}},"2":{"start":{"line":5,"column":4},"end":{"line":5,"column":97}},"3":{"start":{"line":5,"column":24},"end":{"line":5,"column":97}},"4":{"start":{"line":7,"column":26},"end":{"line":7,"column":67}},"5":{"start":{"line":8,"column":4},"end":{"line":8,"column":48}},"6":{"start":{"line":9,"column":4},"end":{"line":13,"column":5}},"7":{"start":{"line":9,"column":22},"end":{"line":9,"column":43}},"8":{"start":{"line":11,"column":26},"end":{"line":11,"column":71}},"9":{"start":{"line":12,"column":8},"end":{"line":12,"column":73}}},"fnMap":{"0":{"name":"(anonymous_0)","decl":{"start":{"line":3,"column":17},"end":{"line":3,"column":18}},"loc":{"start":{"line":3,"column":38},"end":{"line":14,"column":1}},"line":3}},"branchMap":{"0":{"loc":{"start":{"line":5,"column":4},"end":{"line":5,"column":97}},"type":"if","locations":[{"start":{"line":5,"column":4},"end":{"line":5,"column":97}},{"start":{"line":5,"column":4},"end":{"line":5,"column":97}}],"line":5},"1":{"loc":{"start":{"line":9,"column":4},"end":{"line":13,"column":5}},"type":"if","locations":[{"start":{"line":9,"column":4},"end":{"line":13,"column":5}},{"start":{"line":9,"column":4},"end":{"line":13,"column":5}}],"line":9},"2":{"loc":{"start":{"line":11,"column":26},"end":{"line":11,"column":71}},"type":"binary-expr","locations":[{"start":{"line":11,"column":26},"end":{"line":11,"column":38}},{"start":{"line":11,"column":42},"end":{"line":11,"column":71}}],"line":11}},"s":{"0":3,"1":3,"2":0,"3":0,"4":0,"5":0,"6":0,"7":0,"8":0,"9":0},"f":{"0":0},"b":{"0":[0,0],"1":[0,0],"2":[0,0]},"_coverageSchema":"43e27e138ebf9cfc5966b082cf9a028302ed4184","hash":"5bcf856880d7af3e9f4a0784d991d708ff2d078e"}
,"/media/adesuwa/Files/WebDev_Projects/APIs/ecommerce-api/components/stores/model.store.js": {"path":"/media/adesuwa/Files/WebDev_Projects/APIs/ecommerce-api/components/stores/model.store.js","statementMap":{"0":{"start":{"line":1,"column":11},"end":{"line":1,"column":40}},"1":{"start":{"line":3,"column":0},"end":{"line":14,"column":1}},"2":{"start":{"line":8,"column":8},"end":{"line":8,"column":100}},"3":{"start":{"line":11,"column":22},"end":{"line":11,"column":146}},"4":{"start":{"line":12,"column":8},"end":{"line":12,"column":29}}},"fnMap":{"0":{"name":"(anonymous_0)","decl":{"start":{"line":4,"column":12},"end":{"line":4,"column":13}},"loc":{"start":{"line":4,"column":27},"end":{"line":9,"column":5}},"line":4},"1":{"name":"(anonymous_1)","decl":{"start":{"line":10,"column":13},"end":{"line":10,"column":14}},"loc":{"start":{"line":10,"column":28},"end":{"line":13,"column":5}},"line":10}},"branchMap":{"0":{"loc":{"start":{"line":11,"column":22},"end":{"line":11,"column":146}},"type":"cond-expr","locations":[{"start":{"line":11,"column":39},"end":{"line":11,"column":95}},{"start":{"line":11,"column":98},"end":{"line":11,"column":146}}],"line":11}},"s":{"0":3,"1":3,"2":0,"3":0,"4":0},"f":{"0":0,"1":0},"b":{"0":[0,0]},"_coverageSchema":"43e27e138ebf9cfc5966b082cf9a028302ed4184","hash":"9ee5072794ef9f733390bfa89b62a4d524bdf4fc"}
,"/media/adesuwa/Files/WebDev_Projects/APIs/ecommerce-api/config/database.js": {"path":"/media/adesuwa/Files/WebDev_Projects/APIs/ecommerce-api/config/database.js","statementMap":{"0":{"start":{"line":1,"column":13},"end":{"line":1,"column":31}},"1":{"start":{"line":3,"column":15},"end":{"line":3,"column":30}},"2":{"start":{"line":5,"column":0},"end":{"line":10,"column":1}}},"fnMap":{},"branchMap":{},"s":{"0":4,"1":4,"2":4},"f":{},"b":{},"_coverageSchema":"43e27e138ebf9cfc5966b082cf9a028302ed4184","hash":"e1cbe40e0e33d15622a7367561004d5b5ca2ee97"}
,"/media/adesuwa/Files/WebDev_Projects/APIs/ecommerce-api/config/index.js": {"path":"/media/adesuwa/Files/WebDev_Projects/APIs/ecommerce-api/config/index.js","statementMap":{"0":{"start":{"line":1,"column":0},"end":{"line":1,"column":11}},"1":{"start":{"line":5,"column":0},"end":{"line":10,"column":41}},"2":{"start":{"line":6,"column":4},"end":{"line":6,"column":42}},"3":{"start":{"line":8,"column":5},"end":{"line":10,"column":41}},"4":{"start":{"line":8,"column":47},"end":{"line":8,"column":84}},"5":{"start":{"line":9,"column":5},"end":{"line":10,"column":41}},"6":{"start":{"line":9,"column":41},"end":{"line":9,"column":72}},"7":{"start":{"line":10,"column":5},"end":{"line":10,"column":41}},"8":{"start":{"line":18,"column":0},"end":{"line":18,"column":24}}},"fnMap":{},"branchMap":{"0":{"loc":{"start":{"line":5,"column":0},"end":{"line":10,"column":41}},"type":"if","locations":[{"start":{"line":5,"column":0},"end":{"line":10,"column":41}},{"start":{"line":5,"column":0},"end":{"line":10,"column":41}}],"line":5},"1":{"loc":{"start":{"line":5,"column":3},"end":{"line":5,"column":79}},"type":"binary-expr","locations":[{"start":{"line":5,"column":3},"end":{"line":5,"column":41}},{"start":{"line":5,"column":45},"end":{"line":5,"column":79}}],"line":5},"2":{"loc":{"start":{"line":8,"column":5},"end":{"line":10,"column":41}},"type":"if","locations":[{"start":{"line":8,"column":5},"end":{"line":10,"column":41}},{"start":{"line":8,"column":5},"end":{"line":10,"column":41}}],"line":8},"3":{"loc":{"start":{"line":9,"column":5},"end":{"line":10,"column":41}},"type":"if","locations":[{"start":{"line":9,"column":5},"end":{"line":10,"column":41}},{"start":{"line":9,"column":5},"end":{"line":10,"column":41}}],"line":9}},"s":{"0":5,"1":5,"2":0,"3":5,"4":0,"5":5,"6":5,"7":0,"8":5},"f":{},"b":{"0":[0,5],"1":[5,5],"2":[0,5],"3":[5,0]},"_coverageSchema":"43e27e138ebf9cfc5966b082cf9a028302ed4184","hash":"02dea3a839742c6e613a677722fb624d7016f512"}
,"/media/adesuwa/Files/WebDev_Projects/APIs/ecommerce-api/config/passport.js": {"path":"/media/adesuwa/Files/WebDev_Projects/APIs/ecommerce-api/config/passport.js","statementMap":{"0":{"start":{"line":2,"column":22},"end":{"line":2,"column":47}},"1":{"start":{"line":4,"column":18},"end":{"line":4,"column":58}},"2":{"start":{"line":5,"column":15},"end":{"line":5,"column":37}},"3":{"start":{"line":7,"column":0},"end":{"line":40,"column":1}},"4":{"start":{"line":8,"column":4},"end":{"line":25,"column":7}},"5":{"start":{"line":12,"column":12},"end":{"line":23,"column":13}},"6":{"start":{"line":13,"column":27},"end":{"line":13,"column":70}},"7":{"start":{"line":14,"column":16},"end":{"line":16,"column":17}},"8":{"start":{"line":15,"column":20},"end":{"line":15,"column":93}},"9":{"start":{"line":17,"column":29},"end":{"line":17,"column":72}},"10":{"start":{"line":18,"column":16},"end":{"line":18,"column":102}},"11":{"start":{"line":18,"column":36},"end":{"line":18,"column":102}},"12":{"start":{"line":19,"column":16},"end":{"line":19,"column":40}},"13":{"start":{"line":21,"column":16},"end":{"line":21,"column":66}},"14":{"start":{"line":22,"column":16},"end":{"line":22,"column":31}},"15":{"start":{"line":27,"column":4},"end":{"line":29,"column":7}},"16":{"start":{"line":28,"column":8},"end":{"line":28,"column":29}},"17":{"start":{"line":31,"column":4},"end":{"line":39,"column":6}},"18":{"start":{"line":32,"column":8},"end":{"line":38,"column":9}},"19":{"start":{"line":33,"column":23},"end":{"line":33,"column":58}},"20":{"start":{"line":34,"column":12},"end":{"line":34,"column":29}},"21":{"start":{"line":36,"column":12},"end":{"line":36,"column":44}},"22":{"start":{"line":37,"column":12},"end":{"line":37,"column":35}}},"fnMap":{"0":{"name":"(anonymous_0)","decl":{"start":{"line":7,"column":17},"end":{"line":7,"column":18}},"loc":{"start":{"line":7,"column":31},"end":{"line":40,"column":1}},"line":7},"1":{"name":"(anonymous_1)","decl":{"start":{"line":11,"column":8},"end":{"line":11,"column":9}},"loc":{"start":{"line":11,"column":49},"end":{"line":24,"column":9}},"line":11},"2":{"name":"(anonymous_2)","decl":{"start":{"line":27,"column":27},"end":{"line":27,"column":28}},"loc":{"start":{"line":27,"column":48},"end":{"line":29,"column":5}},"line":27},"3":{"name":"(anonymous_3)","decl":{"start":{"line":31,"column":29},"end":{"line":31,"column":30}},"loc":{"start":{"line":31,"column":54},"end":{"line":39,"column":5}},"line":31}},"branchMap":{"0":{"loc":{"start":{"line":14,"column":16},"end":{"line":16,"column":17}},"type":"if","locations":[{"start":{"line":14,"column":16},"end":{"line":16,"column":17}},{"start":{"line":14,"column":16},"end":{"line":16,"column":17}}],"line":14},"1":{"loc":{"start":{"line":18,"column":16},"end":{"line":18,"column":102}},"type":"if","locations":[{"start":{"line":18,"column":16},"end":{"line":18,"column":102}},{"start":{"line":18,"column":16},"end":{"line":18,"column":102}}],"line":18}},"s":{"0":3,"1":3,"2":3,"3":3,"4":3,"5":3,"6":3,"7":0,"8":0,"9":0,"10":0,"11":0,"12":0,"13":3,"14":3,"15":3,"16":0,"17":3,"18":0,"19":0,"20":0,"21":0,"22":0},"f":{"0":3,"1":3,"2":0,"3":0},"b":{"0":[0,0],"1":[0,0]},"_coverageSchema":"43e27e138ebf9cfc5966b082cf9a028302ed4184","hash":"1670892100d1b99872dd706c5a160071848a1312"}
,"/media/adesuwa/Files/WebDev_Projects/APIs/ecommerce-api/config/routes.js": {"path":"/media/adesuwa/Files/WebDev_Projects/APIs/ecommerce-api/config/routes.js","statementMap":{"0":{"start":{"line":1,"column":16},"end":{"line":1,"column":34}},"1":{"start":{"line":2,"column":15},"end":{"line":2,"column":31}},"2":{"start":{"line":3,"column":17},"end":{"line":3,"column":63}},"3":{"start":{"line":4,"column":13},"end":{"line":4,"column":52}},"4":{"start":{"line":5,"column":18},"end":{"line":5,"column":59}},"5":{"start":{"line":6,"column":23},"end":{"line":6,"column":53}},"6":{"start":{"line":7,"column":17},"end":{"line":7,"column":36}},"7":{"start":{"line":8,"column":13},"end":{"line":8,"column":52}},"8":{"start":{"line":11,"column":0},"end":{"line":11,"column":22}},"9":{"start":{"line":12,"column":0},"end":{"line":15,"column":3}},"10":{"start":{"line":13,"column":4},"end":{"line":13,"column":54}},"11":{"start":{"line":14,"column":4},"end":{"line":14,"column":11}},"12":{"start":{"line":17,"column":0},"end":{"line":18,"column":19}},"13":{"start":{"line":20,"column":0},"end":{"line":31,"column":43}},"14":{"start":{"line":21,"column":32},"end":{"line":30,"column":51}},"15":{"start":{"line":22,"column":36},"end":{"line":24,"column":37}},"16":{"start":{"line":23,"column":40},"end":{"line":23,"column":83}},"17":{"start":{"line":23,"column":71},"end":{"line":23,"column":80}},"18":{"start":{"line":25,"column":36},"end":{"line":28,"column":37}},"19":{"start":{"line":26,"column":40},"end":{"line":26,"column":72}},"20":{"start":{"line":27,"column":40},"end":{"line":27,"column":69}},"21":{"start":{"line":29,"column":36},"end":{"line":29,"column":61}},"22":{"start":{"line":29,"column":44},"end":{"line":29,"column":61}},"23":{"start":{"line":33,"column":0},"end":{"line":34,"column":18}},"24":{"start":{"line":36,"column":0},"end":{"line":37,"column":26}},"25":{"start":{"line":39,"column":0},"end":{"line":39,"column":79}},"26":{"start":{"line":43,"column":0},"end":{"line":43,"column":59}},"27":{"start":{"line":44,"column":0},"end":{"line":44,"column":76}},"28":{"start":{"line":46,"column":0},"end":{"line":46,"column":39}},"29":{"start":{"line":48,"column":0},"end":{"line":48,"column":67}},"30":{"start":{"line":49,"column":0},"end":{"line":49,"column":72}},"31":{"start":{"line":54,"column":0},"end":{"line":54,"column":24}}},"fnMap":{"0":{"name":"(anonymous_0)","decl":{"start":{"line":12,"column":11},"end":{"line":12,"column":12}},"loc":{"start":{"line":12,"column":36},"end":{"line":15,"column":1}},"line":12},"1":{"name":"(anonymous_1)","decl":{"start":{"line":20,"column":27},"end":{"line":20,"column":28}},"loc":{"start":{"line":20,"column":52},"end":{"line":31,"column":29}},"line":20},"2":{"name":"(anonymous_2)","decl":{"start":{"line":21,"column":63},"end":{"line":21,"column":64}},"loc":{"start":{"line":21,"column":84},"end":{"line":30,"column":33}},"line":21},"3":{"name":"(anonymous_3)","decl":{"start":{"line":23,"column":56},"end":{"line":23,"column":57}},"loc":{"start":{"line":23,"column":70},"end":{"line":23,"column":81}},"line":23}},"branchMap":{"0":{"loc":{"start":{"line":22,"column":36},"end":{"line":24,"column":37}},"type":"if","locations":[{"start":{"line":22,"column":36},"end":{"line":24,"column":37}},{"start":{"line":22,"column":36},"end":{"line":24,"column":37}}],"line":22},"1":{"loc":{"start":{"line":25,"column":36},"end":{"line":28,"column":37}},"type":"if","locations":[{"start":{"line":25,"column":36},"end":{"line":28,"column":37}},{"start":{"line":25,"column":36},"end":{"line":28,"column":37}}],"line":25},"2":{"loc":{"start":{"line":29,"column":36},"end":{"line":29,"column":61}},"type":"if","locations":[{"start":{"line":29,"column":36},"end":{"line":29,"column":61}},{"start":{"line":29,"column":36},"end":{"line":29,"column":61}}],"line":29}},"s":{"0":3,"1":3,"2":3,"3":3,"4":3,"5":3,"6":3,"7":3,"8":3,"9":3,"10":9,"11":9,"12":3,"13":3,"14":3,"15":3,"16":0,"17":0,"18":3,"19":0,"20":0,"21":3,"22":3,"23":3,"24":3,"25":3,"26":3,"27":3,"28":3,"29":3,"30":3,"31":3},"f":{"0":9,"1":3,"2":3,"3":0},"b":{"0":[0,3],"1":[0,3],"2":[3,0]},"_coverageSchema":"43e27e138ebf9cfc5966b082cf9a028302ed4184","hash":"deb1e4165e5fd5f0068dd0f9072c92f9ca1745cd"}
,"/media/adesuwa/Files/WebDev_Projects/APIs/ecommerce-api/config/env/test.js": {"path":"/media/adesuwa/Files/WebDev_Projects/APIs/ecommerce-api/config/env/test.js","statementMap":{"0":{"start":{"line":1,"column":0},"end":{"line":14,"column":1}}},"fnMap":{},"branchMap":{},"s":{"0":5},"f":{},"b":{},"_coverageSchema":"43e27e138ebf9cfc5966b082cf9a028302ed4184","hash":"41a7dc9a4d5794793adf23047f405f20d27b3c45"}
,"/media/adesuwa/Files/WebDev_Projects/APIs/ecommerce-api/middlewares/auth.js": {"path":"/media/adesuwa/Files/WebDev_Projects/APIs/ecommerce-api/middlewares/auth.js","statementMap":{"0":{"start":{"line":1,"column":0},"end":{"line":15,"column":1}},"1":{"start":{"line":3,"column":8},"end":{"line":13,"column":9}},"2":{"start":{"line":4,"column":12},"end":{"line":10,"column":13}},"3":{"start":{"line":5,"column":16},"end":{"line":5,"column":53}},"4":{"start":{"line":6,"column":16},"end":{"line":6,"column":56}},"5":{"start":{"line":7,"column":19},"end":{"line":10,"column":13}},"6":{"start":{"line":8,"column":16},"end":{"line":8,"column":66}},"7":{"start":{"line":9,"column":16},"end":{"line":9,"column":30}},"8":{"start":{"line":12,"column":12},"end":{"line":12,"column":46}}},"fnMap":{"0":{"name":"(anonymous_0)","decl":{"start":{"line":2,"column":14},"end":{"line":2,"column":15}},"loc":{"start":{"line":2,"column":34},"end":{"line":14,"column":5}},"line":2}},"branchMap":{"0":{"loc":{"start":{"line":4,"column":12},"end":{"line":10,"column":13}},"type":"if","locations":[{"start":{"line":4,"column":12},"end":{"line":10,"column":13}},{"start":{"line":4,"column":12},"end":{"line":10,"column":13}}],"line":4},"1":{"loc":{"start":{"line":7,"column":19},"end":{"line":10,"column":13}},"type":"if","locations":[{"start":{"line":7,"column":19},"end":{"line":10,"column":13}},{"start":{"line":7,"column":19},"end":{"line":10,"column":13}}],"line":7}},"s":{"0":4,"1":4,"2":4,"3":3,"4":3,"5":1,"6":1,"7":1,"8":0},"f":{"0":4},"b":{"0":[3,1],"1":[1,0]},"_coverageSchema":"43e27e138ebf9cfc5966b082cf9a028302ed4184","hash":"3e05465b73363af5618fb17bc96a7c8022cd4ce5"}
,"/media/adesuwa/Files/WebDev_Projects/APIs/ecommerce-api/middlewares/errorhelper.js": {"path":"/media/adesuwa/Files/WebDev_Projects/APIs/ecommerce-api/middlewares/errorhelper.js","statementMap":{"0":{"start":{"line":1,"column":0},"end":{"line":14,"column":1}},"1":{"start":{"line":4,"column":12},"end":{"line":4,"column":29}},"2":{"start":{"line":5,"column":12},"end":{"line":5,"column":42}},"3":{"start":{"line":6,"column":12},"end":{"line":6,"column":41}},"4":{"start":{"line":7,"column":12},"end":{"line":7,"column":43}},"5":{"start":{"line":8,"column":12},"end":{"line":8,"column":38}},"6":{"start":{"line":11,"column":4},"end":{"line":11,"column":11}}},"fnMap":{"0":{"name":"(anonymous_0)","decl":{"start":{"line":1,"column":17},"end":{"line":1,"column":18}},"loc":{"start":{"line":1,"column":37},"end":{"line":14,"column":1}},"line":1},"1":{"name":"AppError","decl":{"start":{"line":2,"column":13},"end":{"line":2,"column":21}},"loc":{"start":{"line":2,"column":48},"end":{"line":10,"column":5}},"line":2}},"branchMap":{},"s":{"0":3,"1":0,"2":0,"3":0,"4":0,"5":0,"6":9},"f":{"0":9,"1":0},"b":{},"_coverageSchema":"43e27e138ebf9cfc5966b082cf9a028302ed4184","hash":"d98061db99a35a4566171a590deb276f8e0e2525"}
,"/media/adesuwa/Files/WebDev_Projects/APIs/ecommerce-api/middlewares/responsehelpers.js": {"path":"/media/adesuwa/Files/WebDev_Projects/APIs/ecommerce-api/middlewares/responsehelpers.js","statementMap":{"0":{"start":{"line":1,"column":0},"end":{"line":31,"column":1}},"1":{"start":{"line":6,"column":4},"end":{"line":12,"column":5}},"2":{"start":{"line":7,"column":22},"end":{"line":7,"column":45}},"3":{"start":{"line":8,"column":25},"end":{"line":8,"column":44}},"4":{"start":{"line":9,"column":8},"end":{"line":9,"column":36}},"5":{"start":{"line":11,"column":8},"end":{"line":11,"column":73}},"6":{"start":{"line":17,"column":4},"end":{"line":21,"column":5}},"7":{"start":{"line":18,"column":22},"end":{"line":18,"column":60}},"8":{"start":{"line":19,"column":19},"end":{"line":19,"column":39}},"9":{"start":{"line":20,"column":12},"end":{"line":20,"column":60}},"10":{"start":{"line":23,"column":4},"end":{"line":29,"column":5}},"11":{"start":{"line":24,"column":22},"end":{"line":24,"column":60}},"12":{"start":{"line":25,"column":25},"end":{"line":25,"column":44}},"13":{"start":{"line":26,"column":19},"end":{"line":26,"column":39}},"14":{"start":{"line":28,"column":8},"end":{"line":28,"column":72}},"15":{"start":{"line":30,"column":4},"end":{"line":30,"column":11}}},"fnMap":{"0":{"name":"(anonymous_0)","decl":{"start":{"line":1,"column":17},"end":{"line":1,"column":18}},"loc":{"start":{"line":1,"column":37},"end":{"line":31,"column":1}},"line":1},"1":{"name":"(anonymous_1)","decl":{"start":{"line":6,"column":17},"end":{"line":6,"column":18}},"loc":{"start":{"line":6,"column":28},"end":{"line":12,"column":5}},"line":6},"2":{"name":"(anonymous_2)","decl":{"start":{"line":17,"column":18},"end":{"line":17,"column":19}},"loc":{"start":{"line":17,"column":29},"end":{"line":21,"column":5}},"line":17},"3":{"name":"(anonymous_3)","decl":{"start":{"line":23,"column":18},"end":{"line":23,"column":19}},"loc":{"start":{"line":23,"column":24},"end":{"line":29,"column":5}},"line":23}},"branchMap":{"0":{"loc":{"start":{"line":7,"column":22},"end":{"line":7,"column":45}},"type":"binary-expr","locations":[{"start":{"line":7,"column":22},"end":{"line":7,"column":34}},{"start":{"line":7,"column":38},"end":{"line":7,"column":45}}],"line":7},"1":{"loc":{"start":{"line":8,"column":25},"end":{"line":8,"column":44}},"type":"binary-expr","locations":[{"start":{"line":8,"column":25},"end":{"line":8,"column":37}},{"start":{"line":8,"column":41},"end":{"line":8,"column":44}}],"line":8},"2":{"loc":{"start":{"line":9,"column":15},"end":{"line":9,"column":35}},"type":"binary-expr","locations":[{"start":{"line":9,"column":15},"end":{"line":9,"column":27}},{"start":{"line":9,"column":31},"end":{"line":9,"column":35}}],"line":9},"3":{"loc":{"start":{"line":11,"column":56},"end":{"line":11,"column":70}},"type":"binary-expr","locations":[{"start":{"line":11,"column":56},"end":{"line":11,"column":60}},{"start":{"line":11,"column":64},"end":{"line":11,"column":70}}],"line":11},"4":{"loc":{"start":{"line":18,"column":22},"end":{"line":18,"column":60}},"type":"binary-expr","locations":[{"start":{"line":18,"column":22},"end":{"line":18,"column":34}},{"start":{"line":18,"column":38},"end":{"line":18,"column":60}}],"line":18},"5":{"loc":{"start":{"line":19,"column":19},"end":{"line":19,"column":39}},"type":"binary-expr","locations":[{"start":{"line":19,"column":19},"end":{"line":19,"column":31}},{"start":{"line":19,"column":35},"end":{"line":19,"column":39}}],"line":19},"6":{"loc":{"start":{"line":20,"column":43},"end":{"line":20,"column":57}},"type":"binary-expr","locations":[{"start":{"line":20,"column":43},"end":{"line":20,"column":47}},{"start":{"line":20,"column":51},"end":{"line":20,"column":57}}],"line":20},"7":{"loc":{"start":{"line":24,"column":22},"end":{"line":24,"column":60}},"type":"binary-expr","locations":[{"start":{"line":24,"column":22},"end":{"line":24,"column":34}},{"start":{"line":24,"column":38},"end":{"line":24,"column":60}}],"line":24},"8":{"loc":{"start":{"line":25,"column":25},"end":{"line":25,"column":44}},"type":"binary-expr","locations":[{"start":{"line":25,"column":25},"end":{"line":25,"column":37}},{"start":{"line":25,"column":41},"end":{"line":25,"column":44}}],"line":25},"9":{"loc":{"start":{"line":26,"column":19},"end":{"line":26,"column":39}},"type":"binary-expr","locations":[{"start":{"line":26,"column":19},"end":{"line":26,"column":31}},{"start":{"line":26,"column":35},"end":{"line":26,"column":39}}],"line":26},"10":{"loc":{"start":{"line":28,"column":55},"end":{"line":28,"column":69}},"type":"binary-expr","locations":[{"start":{"line":28,"column":55},"end":{"line":28,"column":59}},{"start":{"line":28,"column":63},"end":{"line":28,"column":69}}],"line":28}},"s":{"0":3,"1":9,"2":5,"3":5,"4":5,"5":5,"6":9,"7":0,"8":0,"9":0,"10":9,"11":0,"12":0,"13":0,"14":0,"15":9},"f":{"0":9,"1":5,"2":0,"3":0},"b":{"0":[5,0],"1":[5,3],"2":[5,5],"3":[5,0],"4":[0,0],"5":[0,0],"6":[0,0],"7":[0,0],"8":[0,0],"9":[0,0],"10":[0,0]},"_coverageSchema":"43e27e138ebf9cfc5966b082cf9a028302ed4184","hash":"809108e4f10351ed182c3eb419106bc20feaf5e2"}
}
