TN:
SF:/media/adesuwa/Files/WebDev_Projects/APIs/ecommerce-api/bin/database.js
FN:13,(anonymous_0)
FN:16,(anonymous_1)
FN:23,(anonymous_2)
FN:45,(anonymous_3)
FN:69,(anonymous_4)
FN:87,(anonymous_5)
FN:107,(anonymous_6)
FN:120,(anonymous_7)
FN:153,(anonymous_8)
FN:163,(anonymous_9)
FNF:10
FNH:0
FNDA:0,(anonymous_0)
FNDA:0,(anonymous_1)
FNDA:0,(anonymous_2)
FNDA:0,(anonymous_3)
FNDA:0,(anonymous_4)
FNDA:0,(anonymous_5)
FNDA:0,(anonymous_6)
FNDA:0,(anonymous_7)
FNDA:0,(anonymous_8)
FNDA:0,(anonymous_9)
DA:1,1
DA:2,1
DA:4,1
DA:12,1
DA:14,0
DA:17,0
DA:24,0
DA:25,0
DA:26,0
DA:27,0
DA:28,0
DA:29,0
DA:30,0
DA:31,0
DA:32,0
DA:33,0
DA:34,0
DA:35,0
DA:38,0
DA:39,0
DA:46,0
DA:47,0
DA:48,0
DA:49,0
DA:50,0
DA:51,0
DA:52,0
DA:53,0
DA:54,0
DA:55,0
DA:57,0
DA:60,0
DA:61,0
DA:62,0
DA:63,0
DA:65,0
DA:66,0
DA:70,0
DA:71,0
DA:72,0
DA:73,0
DA:74,0
DA:75,0
DA:76,0
DA:77,0
DA:78,0
DA:79,0
DA:81,0
DA:84,0
DA:88,0
DA:89,0
DA:91,0
DA:92,0
DA:93,0
DA:94,0
DA:97,0
DA:98,0
DA:99,0
DA:100,0
DA:102,0
DA:103,0
DA:108,0
DA:109,0
DA:112,0
DA:113,0
DA:115,0
DA:116,0
DA:121,0
DA:122,0
DA:124,0
DA:126,0
DA:127,0
DA:130,0
DA:131,0
DA:132,0
DA:133,0
DA:134,0
DA:135,0
DA:136,0
DA:137,0
DA:139,0
DA:141,0
DA:143,0
DA:144,0
DA:145,0
DA:146,0
DA:148,0
DA:149,0
DA:154,0
DA:155,0
DA:156,0
DA:158,0
DA:159,0
DA:164,0
DA:165,0
DA:166,0
DA:167,0
DA:168,0
DA:169,0
DA:170,0
DA:171,0
DA:173,0
DA:174,0
DA:175,0
DA:176,0
DA:179,0
DA:180,0
DA:182,0
LF:108
LH:4
BRDA:23,0,0,0
BRDA:26,1,0,0
BRDA:26,1,1,0
BRDA:32,2,0,0
BRDA:32,2,1,0
BRDA:34,3,0,0
BRDA:34,3,1,0
BRDA:34,4,0,0
BRDA:34,4,1,0
BRDA:45,5,0,0
BRDA:48,6,0,0
BRDA:48,6,1,0
BRDA:54,7,0,0
BRDA:54,7,1,0
BRDA:60,8,0,0
BRDA:60,8,1,0
BRDA:61,9,0,0
BRDA:61,9,1,0
BRDA:62,10,0,0
BRDA:62,10,1,0
BRDA:63,11,0,0
BRDA:63,11,1,0
BRDA:69,12,0,0
BRDA:72,13,0,0
BRDA:72,13,1,0
BRDA:78,14,0,0
BRDA:78,14,1,0
BRDA:93,15,0,0
BRDA:93,15,1,0
BRDA:126,16,0,0
BRDA:126,16,1,0
BRDA:130,17,0,0
BRDA:130,17,1,0
BRDA:136,18,0,0
BRDA:136,18,1,0
BRF:35
BRH:0
end_of_record
TN:
SF:/media/adesuwa/Files/WebDev_Projects/APIs/ecommerce-api/components/auth/model.user.js
FN:6,(anonymous_0)
FN:10,(anonymous_1)
FN:21,(anonymous_2)
FNF:3
FNH:1
FNDA:1,(anonymous_0)
FNDA:0,(anonymous_1)
FNDA:0,(anonymous_2)
DA:1,1
DA:2,1
DA:3,1
DA:5,1
DA:7,1
DA:8,1
DA:11,0
DA:12,0
DA:13,0
DA:15,0
DA:22,0
LF:11
LH:6
BRDA:12,0,0,0
BRDA:12,0,1,0
BRDA:21,1,0,0
BRF:3
BRH:0
end_of_record
TN:
SF:/media/adesuwa/Files/WebDev_Projects/APIs/ecommerce-api/components/products/model.product.js
FN:7,(anonymous_0)
FN:29,(anonymous_1)
FN:36,(anonymous_2)
FN:40,(anonymous_3)
FN:48,(anonymous_4)
FN:53,(anonymous_5)
FN:60,(anonymous_6)
FN:70,pushToArray
FN:71,(anonymous_8)
FN:74,(anonymous_9)
FN:78,comparethumbs
FNF:11
FNH:2
FNDA:1,(anonymous_0)
FNDA:0,(anonymous_1)
FNDA:0,(anonymous_2)
FNDA:2,(anonymous_3)
FNDA:0,(anonymous_4)
FNDA:0,(anonymous_5)
FNDA:0,(anonymous_6)
FNDA:0,pushToArray
FNDA:0,(anonymous_8)
FNDA:0,(anonymous_9)
FNDA:0,comparethumbs
DA:1,1
DA:3,1
DA:4,1
DA:6,1
DA:8,1
DA:9,1
DA:11,1
DA:18,1
DA:24,1
DA:26,1
DA:30,0
DA:31,0
DA:37,0
DA:38,0
DA:41,2
DA:42,2
DA:44,2
DA:45,2
DA:46,2
DA:49,0
DA:50,0
DA:51,0
DA:55,0
DA:56,0
DA:57,0
DA:59,0
DA:60,0
DA:61,0
DA:62,0
DA:67,0
DA:68,0
DA:71,0
DA:72,0
DA:74,0
DA:75,0
DA:79,0
DA:80,0
DA:81,0
DA:82,0
DA:84,0
DA:86,0
DA:88,0
DA:91,0
LF:43
LH:15
BRDA:8,0,0,0
BRDA:8,0,1,1
BRDA:8,1,0,1
BRDA:8,1,1,1
BRDA:9,2,0,0
BRDA:9,2,1,1
BRDA:12,3,0,1
BRDA:12,3,1,1
BRDA:12,3,2,1
BRDA:13,4,0,1
BRDA:13,4,1,0
BRDA:13,5,0,1
BRDA:13,5,1,0
BRDA:14,6,0,1
BRDA:14,6,1,0
BRDA:14,7,0,1
BRDA:14,7,1,0
BRDA:15,8,0,1
BRDA:15,8,1,0
BRDA:19,9,0,1
BRDA:19,9,1,0
BRDA:19,9,2,1
BRDA:19,9,3,1
BRDA:19,10,0,1
BRDA:19,10,1,0
BRDA:20,11,0,1
BRDA:20,11,1,0
BRDA:20,12,0,1
BRDA:20,12,1,0
BRDA:21,13,0,1
BRDA:21,13,1,0
BRDA:24,14,0,0
BRDA:24,14,1,1
BRDA:42,15,0,2
BRDA:42,15,1,2
BRDA:42,16,0,2
BRDA:42,16,1,0
BRDA:42,17,0,2
BRDA:42,17,1,0
BRDA:42,18,0,2
BRDA:42,18,1,0
BRDA:42,19,0,2
BRDA:42,19,1,0
BRDA:42,20,0,2
BRDA:42,20,1,2
BRDA:44,21,0,2
BRDA:44,21,1,2
BRDA:44,22,0,2
BRDA:44,22,1,0
BRDA:44,23,0,2
BRDA:44,23,1,0
BRDA:44,24,0,2
BRDA:44,24,1,0
BRDA:44,25,0,2
BRDA:44,25,1,0
BRDA:45,26,0,2
BRDA:45,26,1,0
BRDA:53,27,0,0
BRDA:55,28,0,0
BRDA:55,28,1,0
BRDA:57,29,0,0
BRDA:57,29,1,0
BRDA:59,30,0,0
BRDA:59,30,1,0
BRDA:72,31,0,0
BRDA:72,31,1,0
BRDA:80,32,0,0
BRDA:80,32,1,0
BRDA:81,33,0,0
BRDA:81,33,1,0
BRF:70
BRH:35
end_of_record
TN:
SF:/media/adesuwa/Files/WebDev_Projects/APIs/ecommerce-api/config/database.js
FNF:0
FNH:0
DA:1,1
DA:3,1
DA:5,1
LF:3
LH:3
BRF:0
BRH:0
end_of_record
TN:
SF:/media/adesuwa/Files/WebDev_Projects/APIs/ecommerce-api/config/index.js
FNF:0
FNH:0
DA:1,2
DA:3,2
DA:5,2
DA:6,2
DA:8,0
DA:9,0
DA:11,2
DA:17,2
LF:8
LH:6
BRDA:5,0,0,2
BRDA:5,0,1,0
BRDA:5,1,0,2
BRDA:5,1,1,2
BRDA:8,2,0,0
BRDA:8,2,1,0
BRF:6
BRH:3
end_of_record
TN:
SF:/media/adesuwa/Files/WebDev_Projects/APIs/ecommerce-api/config/env/development.js
FNF:0
FNH:0
DA:1,2
LF:1
LH:1
BRF:0
BRH:0
end_of_record
TN:
SF:/media/adesuwa/Files/WebDev_Projects/APIs/ecommerce-api/middlewares/auth.js
FN:2,(anonymous_0)
FNF:1
FNH:1
FNDA:2,(anonymous_0)
DA:1,1
DA:3,2
DA:4,2
DA:5,1
DA:6,1
DA:7,1
DA:8,1
DA:9,1
DA:12,0
LF:9
LH:8
BRDA:4,0,0,1
BRDA:4,0,1,1
BRDA:7,1,0,1
BRDA:7,1,1,0
BRF:4
BRH:3
end_of_record
