TN:
SF:/media/adesuwa/Files/WebDev_Projects/APIs/ecommerce-api/app.js
FNF:0
FNH:0
DA:1,3
DA:3,3
DA:4,3
DA:5,3
DA:6,3
DA:7,3
DA:8,3
DA:9,3
DA:10,3
DA:11,3
DA:12,3
DA:13,3
DA:14,3
DA:16,3
DA:18,3
DA:19,3
DA:34,3
DA:35,3
DA:36,3
DA:37,3
DA:38,3
DA:39,3
DA:40,3
DA:41,3
DA:42,3
DA:44,3
DA:45,3
DA:47,3
DA:49,3
LF:29
LH:29
BRF:0
BRH:0
end_of_record
TN:
SF:/media/adesuwa/Files/WebDev_Projects/APIs/ecommerce-api/bin/database.js
FN:13,(anonymous_0)
FN:16,(anonymous_1)
FN:23,(anonymous_2)
FN:38,(anonymous_3)
FN:45,(anonymous_4)
FN:69,(anonymous_5)
FN:86,(anonymous_6)
FN:90,(anonymous_7)
FN:107,(anonymous_8)
FN:118,(anonymous_9)
FN:137,(anonymous_10)
FN:150,(anonymous_11)
FN:183,(anonymous_12)
FN:193,(anonymous_13)
FNF:14
FNH:9
FNDA:4,(anonymous_0)
FNDA:0,(anonymous_1)
FNDA:3,(anonymous_2)
FNDA:1,(anonymous_3)
FNDA:1,(anonymous_4)
FNDA:4,(anonymous_5)
FNDA:4,(anonymous_6)
FNDA:1,(anonymous_7)
FNDA:1,(anonymous_8)
FNDA:3,(anonymous_9)
FNDA:0,(anonymous_10)
FNDA:0,(anonymous_11)
FNDA:0,(anonymous_12)
FNDA:0,(anonymous_13)
DA:1,4
DA:2,4
DA:4,4
DA:12,4
DA:14,4
DA:17,0
DA:24,3
DA:25,3
DA:26,3
DA:27,1
DA:28,1
DA:29,1
DA:30,1
DA:31,1
DA:32,1
DA:33,1
DA:34,1
DA:35,0
DA:38,3
DA:39,3
DA:46,1
DA:47,1
DA:48,1
DA:49,0
DA:50,0
DA:51,0
DA:52,0
DA:53,0
DA:54,0
DA:55,0
DA:57,0
DA:60,1
DA:61,1
DA:62,1
DA:63,1
DA:65,1
DA:66,1
DA:70,4
DA:71,4
DA:72,4
DA:73,4
DA:74,4
DA:75,4
DA:76,4
DA:77,4
DA:78,4
DA:79,4
DA:80,4
DA:81,4
DA:82,4
DA:83,3
DA:86,4
DA:87,4
DA:91,1
DA:92,1
DA:93,1
DA:94,1
DA:95,1
DA:96,1
DA:97,1
DA:98,1
DA:99,1
DA:100,1
DA:101,1
DA:102,1
DA:103,1
DA:104,0
DA:107,1
DA:108,1
DA:109,1
DA:110,0
DA:111,0
DA:113,1
DA:114,1
DA:119,3
DA:120,3
DA:122,3
DA:123,3
DA:124,15
DA:125,12
DA:128,3
DA:129,3
DA:130,0
DA:132,3
DA:133,3
DA:138,0
DA:139,0
DA:142,0
DA:143,0
DA:145,0
DA:146,0
DA:151,0
DA:152,0
DA:154,0
DA:156,0
DA:157,0
DA:160,0
DA:161,0
DA:162,0
DA:163,0
DA:164,0
DA:165,0
DA:166,0
DA:167,0
DA:169,0
DA:171,0
DA:173,0
DA:174,0
DA:175,0
DA:176,0
DA:178,0
DA:179,0
DA:184,0
DA:185,0
DA:186,0
DA:188,0
DA:189,0
DA:194,0
DA:195,0
DA:196,0
DA:197,0
DA:198,0
DA:199,0
DA:200,0
DA:201,0
DA:203,0
DA:204,0
DA:205,0
DA:206,0
DA:209,0
DA:210,0
DA:212,0
LF:132
LH:71
BRDA:23,0,0,2
BRDA:26,1,0,1
BRDA:26,1,1,2
BRDA:32,2,0,0
BRDA:32,2,1,1
BRDA:34,3,0,1
BRDA:34,3,1,0
BRDA:34,4,0,1
BRDA:34,4,1,0
BRDA:38,5,0,1
BRDA:38,5,1,2
BRDA:38,6,0,3
BRDA:38,6,1,1
BRDA:38,7,0,1
BRDA:38,7,1,0
BRDA:39,8,0,0
BRDA:39,8,1,3
BRDA:39,9,0,3
BRDA:39,9,1,1
BRDA:45,10,0,1
BRDA:48,11,0,0
BRDA:48,11,1,1
BRDA:54,12,0,0
BRDA:54,12,1,0
BRDA:60,13,0,0
BRDA:60,13,1,1
BRDA:61,14,0,0
BRDA:61,14,1,1
BRDA:62,15,0,0
BRDA:62,15,1,1
BRDA:63,16,0,0
BRDA:63,16,1,1
BRDA:69,17,0,0
BRDA:73,18,0,4
BRDA:73,18,1,0
BRDA:80,19,0,0
BRDA:80,19,1,4
BRDA:82,20,0,1
BRDA:82,20,1,3
BRDA:82,21,0,4
BRDA:82,21,1,3
BRDA:86,22,0,4
BRDA:86,22,1,0
BRDA:86,23,0,4
BRDA:86,23,1,4
BRDA:86,24,0,4
BRDA:86,24,1,3
BRDA:87,25,0,3
BRDA:87,25,1,1
BRDA:87,26,0,4
BRDA:87,26,1,4
BRDA:90,27,0,0
BRDA:94,28,0,1
BRDA:94,28,1,0
BRDA:101,29,0,0
BRDA:101,29,1,1
BRDA:103,30,0,1
BRDA:103,30,1,0
BRDA:103,31,0,1
BRDA:103,31,1,0
BRDA:107,32,0,1
BRDA:107,32,1,0
BRDA:107,33,0,1
BRDA:107,33,1,1
BRDA:107,34,0,1
BRDA:107,34,1,0
BRDA:109,35,0,0
BRDA:109,35,1,1
BRDA:109,36,0,1
BRDA:109,36,1,1
BRDA:124,37,0,3
BRDA:124,37,1,12
BRDA:156,38,0,0
BRDA:156,38,1,0
BRDA:160,39,0,0
BRDA:160,39,1,0
BRDA:166,40,0,0
BRDA:166,40,1,0
BRF:78
BRH:48
end_of_record
TN:
SF:/media/adesuwa/Files/WebDev_Projects/APIs/ecommerce-api/bin/www.js
FN:20,shutdown
FNF:1
FNH:0
FNDA:0,shutdown
DA:1,3
DA:2,3
DA:3,3
DA:5,3
DA:7,3
DA:8,3
DA:10,3
DA:12,3
DA:13,0
DA:15,0
DA:17,0
DA:21,0
DA:22,0
DA:23,0
DA:24,0
DA:27,3
LF:16
LH:9
BRDA:7,0,0,3
BRDA:7,0,1,3
BRDA:12,1,0,0
BRDA:12,1,1,3
BRDA:12,2,0,3
BRDA:12,2,1,0
BRF:6
BRH:4
end_of_record
TN:
SF:/media/adesuwa/Files/WebDev_Projects/APIs/ecommerce-api/components/auth/ctrl.auth.js
FN:4,(anonymous_0)
FN:13,(anonymous_1)
FN:16,(anonymous_2)
FN:21,(anonymous_3)
FNF:4
FNH:1
FNDA:3,(anonymous_0)
FNDA:0,(anonymous_1)
FNDA:0,(anonymous_2)
FNDA:0,(anonymous_3)
DA:1,3
DA:3,3
DA:5,3
DA:6,3
DA:7,0
DA:9,3
DA:10,3
DA:14,0
DA:17,0
DA:18,0
DA:19,0
DA:22,0
DA:23,0
LF:13
LH:6
BRF:0
BRH:0
end_of_record
TN:
SF:/media/adesuwa/Files/WebDev_Projects/APIs/ecommerce-api/components/auth/ctrl.user.js
FN:5,(anonymous_0)
FNF:1
FNH:0
FNDA:0,(anonymous_0)
DA:1,3
DA:2,3
DA:4,3
DA:6,0
DA:10,0
DA:12,0
LF:6
LH:3
BRF:0
BRH:0
end_of_record
TN:
SF:/media/adesuwa/Files/WebDev_Projects/APIs/ecommerce-api/components/auth/model.user.js
FN:6,(anonymous_0)
FN:10,(anonymous_1)
FN:21,(anonymous_2)
FNF:3
FNH:3
FNDA:4,(anonymous_0)
FNDA:3,(anonymous_1)
FNDA:1,(anonymous_2)
DA:1,4
DA:2,4
DA:3,4
DA:5,4
DA:7,4
DA:8,4
DA:11,3
DA:12,3
DA:13,0
DA:15,3
DA:22,1
DA:23,1
LF:12
LH:11
BRDA:12,0,0,0
BRDA:12,0,1,3
BRDA:21,1,0,0
BRF:3
BRH:1
end_of_record
TN:
SF:/media/adesuwa/Files/WebDev_Projects/APIs/ecommerce-api/components/products/ctrl.product.js
FN:6,(anonymous_0)
FN:17,(anonymous_1)
FN:31,(anonymous_2)
FN:34,(anonymous_3)
FN:37,(anonymous_4)
FN:44,(anonymous_5)
FNF:6
FNH:1
FNDA:0,(anonymous_0)
FNDA:1,(anonymous_1)
FNDA:0,(anonymous_2)
FNDA:0,(anonymous_3)
FNDA:0,(anonymous_4)
FNDA:0,(anonymous_5)
DA:1,3
DA:2,3
DA:3,3
DA:5,3
DA:9,0
DA:10,0
DA:11,0
DA:12,0
DA:14,0
DA:15,0
DA:19,1
DA:21,1
DA:22,1
DA:23,0
DA:24,0
DA:26,1
DA:27,0
DA:28,0
DA:29,0
DA:38,0
LF:20
LH:8
BRDA:9,0,0,0
BRDA:9,0,1,0
BRDA:19,1,0,1
BRDA:19,1,1,0
BRDA:22,2,0,0
BRDA:22,2,1,1
BRF:6
BRH:2
end_of_record
TN:
SF:/media/adesuwa/Files/WebDev_Projects/APIs/ecommerce-api/components/products/model.product.js
FN:7,(anonymous_0)
FN:30,(anonymous_1)
FN:37,(anonymous_2)
FN:41,(anonymous_3)
FN:53,(anonymous_4)
FN:58,(anonymous_5)
FN:65,(anonymous_6)
FN:75,pushToArray
FN:76,(anonymous_8)
FN:79,(anonymous_9)
FN:83,comparethumbs
FNF:11
FNH:4
FNDA:2,(anonymous_0)
FNDA:1,(anonymous_1)
FNDA:1,(anonymous_2)
FNDA:2,(anonymous_3)
FNDA:0,(anonymous_4)
FNDA:0,(anonymous_5)
FNDA:0,(anonymous_6)
FNDA:0,pushToArray
FNDA:0,(anonymous_8)
FNDA:0,(anonymous_9)
FNDA:0,comparethumbs
DA:1,4
DA:3,4
DA:4,4
DA:6,4
DA:8,2
DA:9,2
DA:11,1
DA:19,1
DA:26,1
DA:28,1
DA:31,1
DA:32,0
DA:38,1
DA:39,0
DA:42,2
DA:43,2
DA:45,2
DA:50,2
DA:51,2
DA:54,0
DA:55,0
DA:56,0
DA:60,0
DA:61,0
DA:62,0
DA:64,0
DA:65,0
DA:66,0
DA:67,0
DA:72,0
DA:73,0
DA:76,0
DA:77,0
DA:79,0
DA:80,0
DA:84,0
DA:85,0
DA:86,0
DA:87,0
DA:89,0
DA:91,0
DA:93,0
DA:96,0
LF:43
LH:17
BRDA:8,0,0,0
BRDA:8,0,1,2
BRDA:8,1,0,2
BRDA:8,1,1,2
BRDA:9,2,0,1
BRDA:9,2,1,1
BRDA:12,3,0,1
BRDA:12,3,1,1
BRDA:13,4,0,1
BRDA:13,4,1,1
BRDA:13,4,2,1
BRDA:14,5,0,1
BRDA:14,5,1,0
BRDA:14,6,0,1
BRDA:14,6,1,0
BRDA:15,7,0,1
BRDA:15,7,1,0
BRDA:15,8,0,1
BRDA:15,8,1,0
BRDA:16,9,0,1
BRDA:16,9,1,0
BRDA:20,10,0,1
BRDA:20,10,1,1
BRDA:21,11,0,1
BRDA:21,11,1,0
BRDA:21,11,2,1
BRDA:21,11,3,1
BRDA:21,12,0,1
BRDA:21,12,1,0
BRDA:22,13,0,1
BRDA:22,13,1,0
BRDA:22,14,0,1
BRDA:22,14,1,0
BRDA:23,15,0,1
BRDA:23,15,1,0
BRDA:26,16,0,0
BRDA:26,16,1,1
BRDA:43,17,0,2
BRDA:43,17,1,2
BRDA:43,18,0,2
BRDA:43,18,1,0
BRDA:43,19,0,2
BRDA:43,19,1,0
BRDA:43,20,0,2
BRDA:43,20,1,0
BRDA:43,21,0,2
BRDA:43,21,1,0
BRDA:43,22,0,2
BRDA:43,22,1,2
BRDA:46,23,0,2
BRDA:46,23,1,2
BRDA:46,24,0,2
BRDA:46,24,1,0
BRDA:47,25,0,2
BRDA:47,25,1,0
BRDA:47,26,0,2
BRDA:47,26,1,0
BRDA:48,27,0,2
BRDA:48,27,1,0
BRDA:50,28,0,2
BRDA:50,28,1,0
BRDA:58,29,0,0
BRDA:60,30,0,0
BRDA:60,30,1,0
BRDA:62,31,0,0
BRDA:62,31,1,0
BRDA:64,32,0,0
BRDA:64,32,1,0
BRDA:77,33,0,0
BRDA:77,33,1,0
BRDA:85,34,0,0
BRDA:85,34,1,0
BRDA:86,35,0,0
BRDA:86,35,1,0
BRF:74
BRH:40
end_of_record
TN:
SF:/media/adesuwa/Files/WebDev_Projects/APIs/ecommerce-api/components/products/services/findorCreateExistingStore.js
FN:3,(anonymous_0)
FNF:1
FNH:0
FNDA:0,(anonymous_0)
DA:1,3
DA:3,3
DA:5,0
DA:7,0
DA:8,0
DA:9,0
DA:11,0
DA:12,0
LF:8
LH:2
BRDA:5,0,0,0
BRDA:5,0,1,0
BRDA:9,1,0,0
BRDA:9,1,1,0
BRDA:11,2,0,0
BRDA:11,2,1,0
BRF:6
BRH:0
end_of_record
TN:
SF:/media/adesuwa/Files/WebDev_Projects/APIs/ecommerce-api/components/stores/model.store.js
FN:4,(anonymous_0)
FN:10,(anonymous_1)
FNF:2
FNH:0
FNDA:0,(anonymous_0)
FNDA:0,(anonymous_1)
DA:1,3
DA:3,3
DA:8,0
DA:11,0
DA:12,0
LF:5
LH:2
BRDA:11,0,0,0
BRDA:11,0,1,0
BRF:2
BRH:0
end_of_record
TN:
SF:/media/adesuwa/Files/WebDev_Projects/APIs/ecommerce-api/config/database.js
FNF:0
FNH:0
DA:1,4
DA:3,4
DA:5,4
LF:3
LH:3
BRF:0
BRH:0
end_of_record
TN:
SF:/media/adesuwa/Files/WebDev_Projects/APIs/ecommerce-api/config/index.js
FNF:0
FNH:0
DA:1,5
DA:5,5
DA:6,0
DA:8,5
DA:9,5
DA:10,0
DA:18,5
LF:7
LH:5
BRDA:5,0,0,0
BRDA:5,0,1,5
BRDA:5,1,0,5
BRDA:5,1,1,5
BRDA:8,2,0,0
BRDA:8,2,1,5
BRDA:9,3,0,5
BRDA:9,3,1,0
BRF:8
BRH:5
end_of_record
TN:
SF:/media/adesuwa/Files/WebDev_Projects/APIs/ecommerce-api/config/passport.js
FN:7,(anonymous_0)
FN:11,(anonymous_1)
FN:27,(anonymous_2)
FN:31,(anonymous_3)
FNF:4
FNH:2
FNDA:3,(anonymous_0)
FNDA:3,(anonymous_1)
FNDA:0,(anonymous_2)
FNDA:0,(anonymous_3)
DA:2,3
DA:4,3
DA:5,3
DA:7,3
DA:8,3
DA:12,3
DA:13,3
DA:14,0
DA:15,0
DA:17,0
DA:18,0
DA:19,0
DA:21,3
DA:22,3
DA:27,3
DA:28,0
DA:31,3
DA:32,0
DA:33,0
DA:34,0
DA:36,0
DA:37,0
LF:22
LH:11
BRDA:14,0,0,0
BRDA:14,0,1,0
BRDA:18,1,0,0
BRDA:18,1,1,0
BRF:4
BRH:0
end_of_record
TN:
SF:/media/adesuwa/Files/WebDev_Projects/APIs/ecommerce-api/config/routes.js
FN:12,(anonymous_0)
FN:20,(anonymous_1)
FN:21,(anonymous_2)
FN:23,(anonymous_3)
FNF:4
FNH:3
FNDA:9,(anonymous_0)
FNDA:3,(anonymous_1)
FNDA:3,(anonymous_2)
FNDA:0,(anonymous_3)
DA:1,3
DA:2,3
DA:3,3
DA:4,3
DA:5,3
DA:6,3
DA:7,3
DA:8,3
DA:11,3
DA:12,3
DA:13,9
DA:14,9
DA:17,3
DA:20,3
DA:21,3
DA:22,3
DA:23,0
DA:25,3
DA:26,0
DA:27,0
DA:29,3
DA:33,3
DA:36,3
DA:39,3
DA:43,3
DA:44,3
DA:46,3
DA:48,3
DA:49,3
DA:54,3
LF:30
LH:27
BRDA:22,0,0,0
BRDA:22,0,1,3
BRDA:25,1,0,0
BRDA:25,1,1,3
BRDA:29,2,0,3
BRDA:29,2,1,0
BRF:6
BRH:3
end_of_record
TN:
SF:/media/adesuwa/Files/WebDev_Projects/APIs/ecommerce-api/config/env/test.js
FNF:0
FNH:0
DA:1,5
LF:1
LH:1
BRF:0
BRH:0
end_of_record
TN:
SF:/media/adesuwa/Files/WebDev_Projects/APIs/ecommerce-api/middlewares/auth.js
FN:2,(anonymous_0)
FNF:1
FNH:1
FNDA:4,(anonymous_0)
DA:1,4
DA:3,4
DA:4,4
DA:5,3
DA:6,3
DA:7,1
DA:8,1
DA:9,1
DA:12,0
LF:9
LH:8
BRDA:4,0,0,3
BRDA:4,0,1,1
BRDA:7,1,0,1
BRDA:7,1,1,0
BRF:4
BRH:3
end_of_record
TN:
SF:/media/adesuwa/Files/WebDev_Projects/APIs/ecommerce-api/middlewares/errorhelper.js
FN:1,(anonymous_0)
FN:2,AppError
FNF:2
FNH:1
FNDA:9,(anonymous_0)
FNDA:0,AppError
DA:1,3
DA:4,0
DA:5,0
DA:6,0
DA:7,0
DA:8,0
DA:11,9
LF:7
LH:2
BRF:0
BRH:0
end_of_record
TN:
SF:/media/adesuwa/Files/WebDev_Projects/APIs/ecommerce-api/middlewares/responsehelpers.js
FN:1,(anonymous_0)
FN:6,(anonymous_1)
FN:17,(anonymous_2)
FN:23,(anonymous_3)
FNF:4
FNH:2
FNDA:9,(anonymous_0)
FNDA:5,(anonymous_1)
FNDA:0,(anonymous_2)
FNDA:0,(anonymous_3)
DA:1,3
DA:6,9
DA:7,5
DA:8,5
DA:9,5
DA:11,5
DA:17,9
DA:18,0
DA:19,0
DA:20,0
DA:23,9
DA:24,0
DA:25,0
DA:26,0
DA:28,0
DA:30,9
LF:16
LH:9
BRDA:7,0,0,5
BRDA:7,0,1,0
BRDA:8,1,0,5
BRDA:8,1,1,3
BRDA:9,2,0,5
BRDA:9,2,1,5
BRDA:11,3,0,5
BRDA:11,3,1,0
BRDA:18,4,0,0
BRDA:18,4,1,0
BRDA:19,5,0,0
BRDA:19,5,1,0
BRDA:20,6,0,0
BRDA:20,6,1,0
BRDA:24,7,0,0
BRDA:24,7,1,0
BRDA:25,8,0,0
BRDA:25,8,1,0
BRDA:26,9,0,0
BRDA:26,9,1,0
BRDA:28,10,0,0
BRDA:28,10,1,0
BRF:22
BRH:6
end_of_record
